Flow report for DrumAnywhere_1_0
Fri Feb 24 14:07:12 2017
Quartus II 32-bit Version 12.1 Build 243 01/31/2013 Service Pack 1 SJ Full Version


---------------------
; Table of Contents ;
---------------------
  1. Legal Notice
  2. Flow Summary
  3. Flow Settings
  4. Flow Non-Default Global Settings
  5. Flow Elapsed Time
  6. Flow OS Summary
  7. Flow Log



----------------
; Legal Notice ;
----------------
Copyright (C) 1991-2012 Altera Corporation
Your use of Altera Corporation's design tools, logic functions 
and other software and tools, and its AMPP partner logic 
functions, and any output files from any of the foregoing 
(including device programming or simulation files), and any 
associated documentation or information are expressly subject 
to the terms and conditions of the Altera Program License 
Subscription Agreement, Altera MegaCore Function License 
Agreement, or other applicable license agreement, including, 
without limitation, that your use is for the sole purpose of 
programming logic devices manufactured by Altera and sold by 
Altera or its authorized distributors.  Please refer to the 
applicable agreement for further details.



+-------------------------------------------------------------------------------------+
; Flow Summary                                                                        ;
+------------------------------------+------------------------------------------------+
; Flow Status                        ; Successful - Fri Feb 24 14:07:12 2017          ;
; Quartus II 32-bit Version          ; 12.1 Build 243 01/31/2013 SP 1 SJ Full Version ;
; Revision Name                      ; DrumAnywhere_1_0                               ;
; Top-level Entity Name              ; DrumAnywhere_1_0                               ;
; Family                             ; Cyclone II                                     ;
; Device                             ; EP2C35F672C6                                   ;
; Timing Models                      ; Final                                          ;
; Total logic elements               ; 4,137 / 33,216 ( 12 % )                        ;
;     Total combinational functions  ; 3,779 / 33,216 ( 11 % )                        ;
;     Dedicated logic registers      ; 2,540 / 33,216 ( 8 % )                         ;
; Total registers                    ; 2608                                           ;
; Total pins                         ; 150 / 475 ( 32 % )                             ;
; Total virtual pins                 ; 0                                              ;
; Total memory bits                  ; 150,528 / 483,840 ( 31 % )                     ;
; Embedded Multiplier 9-bit elements ; 0 / 70 ( 0 % )                                 ;
; Total PLLs                         ; 2 / 4 ( 50 % )                                 ;
+------------------------------------+------------------------------------------------+


+-----------------------------------------+
; Flow Settings                           ;
+-------------------+---------------------+
; Option            ; Setting             ;
+-------------------+---------------------+
; Start date & time ; 02/24/2017 14:04:52 ;
; Main task         ; Compilation         ;
; Revision Name     ; DrumAnywhere_1_0    ;
+-------------------+---------------------+


+----------------------------------------------------------------------------------------------------------------------------+
; Flow Non-Default Global Settings                                                                                           ;
+-------------------------------------+---------------------------------------+---------------+-------------+----------------+
; Assignment Name                     ; Value                                 ; Default Value ; Entity Name ; Section Id     ;
+-------------------------------------+---------------------------------------+---------------+-------------+----------------+
; COMPILER_SIGNATURE_ID               ; 0.148797029027309                     ; --            ; --          ; --             ;
; EDA_OUTPUT_DATA_FORMAT              ; Vhdl                                  ; --            ; --          ; eda_simulation ;
; EDA_SIMULATION_TOOL                 ; ModelSim-Altera (VHDL)                ; <None>        ; --          ; --             ;
; MAX_CORE_JUNCTION_TEMP              ; 85                                    ; --            ; --          ; --             ;
; MIN_CORE_JUNCTION_TEMP              ; 0                                     ; --            ; --          ; --             ;
; PARTITION_COLOR                     ; 16764057                              ; --            ; --          ; Top            ;
; PARTITION_FITTER_PRESERVATION_LEVEL ; PLACEMENT_AND_ROUTING                 ; --            ; --          ; Top            ;
; PARTITION_NETLIST_TYPE              ; SOURCE                                ; --            ; --          ; Top            ;
; POWER_BOARD_THERMAL_MODEL           ; None (CONSERVATIVE)                   ; --            ; --          ; --             ;
; POWER_PRESET_COOLING_SOLUTION       ; 23 MM HEAT SINK WITH 200 LFPM AIRFLOW ; --            ; --          ; --             ;
; PROJECT_OUTPUT_DIRECTORY            ; output_files                          ; --            ; --          ; --             ;
+-------------------------------------+---------------------------------------+---------------+-------------+----------------+


+-------------------------------------------------------------------------------------------------------------------------------+
; Flow Elapsed Time                                                                                                             ;
+---------------------------+--------------+-------------------------+---------------------+------------------------------------+
; Module Name               ; Elapsed Time ; Average Processors Used ; Peak Virtual Memory ; Total CPU Time (on all processors) ;
+---------------------------+--------------+-------------------------+---------------------+------------------------------------+
; Analysis & Synthesis      ; 00:01:26     ; 1.0                     ; 456 MB              ; 00:01:43                           ;
; Fitter                    ; 00:00:25     ; 1.8                     ; 532 MB              ; 00:00:30                           ;
; Assembler                 ; 00:00:03     ; 1.0                     ; 339 MB              ; 00:00:03                           ;
; TimeQuest Timing Analyzer ; 00:00:03     ; 1.0                     ; 355 MB              ; 00:00:02                           ;
; EDA Netlist Writer        ; 00:00:07     ; 1.0                     ; 341 MB              ; 00:00:04                           ;
; Total                     ; 00:02:04     ; --                      ; --                  ; 00:02:22                           ;
+---------------------------+--------------+-------------------------+---------------------+------------------------------------+


+-----------------------------------------------------------------------------------------------------+
; Flow OS Summary                                                                                     ;
+---------------------------+--------------------------+--------------+--------------+----------------+
; Module Name               ; Machine Hostname         ; OS Name      ; OS Version   ; Processor type ;
+---------------------------+--------------------------+--------------+--------------+----------------+
; Analysis & Synthesis      ; e3-11-19.ece.ualberta.ca ; CentOS Linux ; CentOS Linux ; x86_64         ;
; Fitter                    ; e3-11-19.ece.ualberta.ca ; CentOS Linux ; CentOS Linux ; x86_64         ;
; Assembler                 ; e3-11-19.ece.ualberta.ca ; CentOS Linux ; CentOS Linux ; x86_64         ;
; TimeQuest Timing Analyzer ; e3-11-19.ece.ualberta.ca ; CentOS Linux ; CentOS Linux ; x86_64         ;
; EDA Netlist Writer        ; e3-11-19.ece.ualberta.ca ; CentOS Linux ; CentOS Linux ; x86_64         ;
+---------------------------+--------------------------+--------------+--------------+----------------+


------------
; Flow Log ;
------------
quartus_map --read_settings_files=on --write_settings_files=off DrumAnywhere_1_0 -c DrumAnywhere_1_0
quartus_fit --read_settings_files=off --write_settings_files=off DrumAnywhere_1_0 -c DrumAnywhere_1_0
quartus_asm --read_settings_files=off --write_settings_files=off DrumAnywhere_1_0 -c DrumAnywhere_1_0
quartus_sta DrumAnywhere_1_0 -c DrumAnywhere_1_0
quartus_eda --read_settings_files=off --write_settings_files=off DrumAnywhere_1_0 -c DrumAnywhere_1_0



