Analysis & Synthesis report for DrumAnywhere_1_0
Mon Feb  6 13:56:23 2017
Quartus II 32-bit Version 12.1 Build 243 01/31/2013 Service Pack 1 SJ Full Version


---------------------
; Table of Contents ;
---------------------
  1. Legal Notice
  2. Analysis & Synthesis Summary
  3. Analysis & Synthesis Settings
  4. Parallel Compilation
  5. Analysis & Synthesis Messages



----------------
; Legal Notice ;
----------------
Copyright (C) 1991-2012 Altera Corporation
Your use of Altera Corporation's design tools, logic functions 
and other software and tools, and its AMPP partner logic 
functions, and any output files from any of the foregoing 
(including device programming or simulation files), and any 
associated documentation or information are expressly subject 
to the terms and conditions of the Altera Program License 
Subscription Agreement, Altera MegaCore Function License 
Agreement, or other applicable license agreement, including, 
without limitation, that your use is for the sole purpose of 
programming logic devices manufactured by Altera and sold by 
Altera or its authorized distributors.  Please refer to the 
applicable agreement for further details.



+-------------------------------------------------------------------------------------+
; Analysis & Synthesis Summary                                                        ;
+------------------------------------+------------------------------------------------+
; Analysis & Synthesis Status        ; Failed - Mon Feb  6 13:56:23 2017              ;
; Quartus II 32-bit Version          ; 12.1 Build 243 01/31/2013 SP 1 SJ Full Version ;
; Revision Name                      ; DrumAnywhere_1_0                               ;
; Top-level Entity Name              ; DrumAnywhere_1_0                               ;
; Family                             ; Cyclone II                                     ;
; Total logic elements               ; N/A until Partition Merge                      ;
;     Total combinational functions  ; N/A until Partition Merge                      ;
;     Dedicated logic registers      ; N/A until Partition Merge                      ;
; Total registers                    ; N/A until Partition Merge                      ;
; Total pins                         ; N/A until Partition Merge                      ;
; Total virtual pins                 ; N/A until Partition Merge                      ;
; Total memory bits                  ; N/A until Partition Merge                      ;
; Embedded Multiplier 9-bit elements ; N/A until Partition Merge                      ;
; Total PLLs                         ; N/A until Partition Merge                      ;
+------------------------------------+------------------------------------------------+


+----------------------------------------------------------------------------------------------------------------------+
; Analysis & Synthesis Settings                                                                                        ;
+----------------------------------------------------------------------------+--------------------+--------------------+
; Option                                                                     ; Setting            ; Default Value      ;
+----------------------------------------------------------------------------+--------------------+--------------------+
; Device                                                                     ; EP2C35F672C6       ;                    ;
; Top-level entity name                                                      ; DrumAnywhere_1_0   ; DrumAnywhere_1_0   ;
; Family name                                                                ; Cyclone II         ; Cyclone IV GX      ;
; Use smart compilation                                                      ; Off                ; Off                ;
; Enable parallel Assembler and TimeQuest Timing Analyzer during compilation ; On                 ; On                 ;
; Enable compact report table                                                ; Off                ; Off                ;
; Restructure Multiplexers                                                   ; Auto               ; Auto               ;
; Create Debugging Nodes for IP Cores                                        ; Off                ; Off                ;
; Preserve fewer node names                                                  ; On                 ; On                 ;
; Disable OpenCore Plus hardware evaluation                                  ; Off                ; Off                ;
; Verilog Version                                                            ; Verilog_2001       ; Verilog_2001       ;
; VHDL Version                                                               ; VHDL_1993          ; VHDL_1993          ;
; State Machine Processing                                                   ; Auto               ; Auto               ;
; Safe State Machine                                                         ; Off                ; Off                ;
; Extract Verilog State Machines                                             ; On                 ; On                 ;
; Extract VHDL State Machines                                                ; On                 ; On                 ;
; Ignore Verilog initial constructs                                          ; Off                ; Off                ;
; Iteration limit for constant Verilog loops                                 ; 5000               ; 5000               ;
; Iteration limit for non-constant Verilog loops                             ; 250                ; 250                ;
; Add Pass-Through Logic to Inferred RAMs                                    ; On                 ; On                 ;
; Infer RAMs from Raw Logic                                                  ; On                 ; On                 ;
; Parallel Synthesis                                                         ; On                 ; On                 ;
; DSP Block Balancing                                                        ; Auto               ; Auto               ;
; NOT Gate Push-Back                                                         ; On                 ; On                 ;
; Power-Up Don't Care                                                        ; On                 ; On                 ;
; Remove Redundant Logic Cells                                               ; Off                ; Off                ;
; Remove Duplicate Registers                                                 ; On                 ; On                 ;
; Ignore CARRY Buffers                                                       ; Off                ; Off                ;
; Ignore CASCADE Buffers                                                     ; Off                ; Off                ;
; Ignore GLOBAL Buffers                                                      ; Off                ; Off                ;
; Ignore ROW GLOBAL Buffers                                                  ; Off                ; Off                ;
; Ignore LCELL Buffers                                                       ; Off                ; Off                ;
; Ignore SOFT Buffers                                                        ; On                 ; On                 ;
; Limit AHDL Integers to 32 Bits                                             ; Off                ; Off                ;
; Optimization Technique                                                     ; Balanced           ; Balanced           ;
; Carry Chain Length                                                         ; 70                 ; 70                 ;
; Auto Carry Chains                                                          ; On                 ; On                 ;
; Auto Open-Drain Pins                                                       ; On                 ; On                 ;
; Perform WYSIWYG Primitive Resynthesis                                      ; Off                ; Off                ;
; Auto ROM Replacement                                                       ; On                 ; On                 ;
; Auto RAM Replacement                                                       ; On                 ; On                 ;
; Auto Shift Register Replacement                                            ; Auto               ; Auto               ;
; Allow Shift Register Merging across Hierarchies                            ; Auto               ; Auto               ;
; Auto Clock Enable Replacement                                              ; On                 ; On                 ;
; Strict RAM Replacement                                                     ; Off                ; Off                ;
; Allow Synchronous Control Signals                                          ; On                 ; On                 ;
; Force Use of Synchronous Clear Signals                                     ; Off                ; Off                ;
; Auto RAM to Logic Cell Conversion                                          ; Off                ; Off                ;
; Auto Resource Sharing                                                      ; Off                ; Off                ;
; Allow Any RAM Size For Recognition                                         ; Off                ; Off                ;
; Allow Any ROM Size For Recognition                                         ; Off                ; Off                ;
; Allow Any Shift Register Size For Recognition                              ; Off                ; Off                ;
; Use LogicLock Constraints during Resource Balancing                        ; On                 ; On                 ;
; Ignore translate_off and synthesis_off directives                          ; Off                ; Off                ;
; Timing-Driven Synthesis                                                    ; Off                ; Off                ;
; Report Parameter Settings                                                  ; On                 ; On                 ;
; Report Source Assignments                                                  ; On                 ; On                 ;
; Report Connectivity Checks                                                 ; On                 ; On                 ;
; Ignore Maximum Fan-Out Assignments                                         ; Off                ; Off                ;
; Synchronization Register Chain Length                                      ; 2                  ; 2                  ;
; PowerPlay Power Optimization                                               ; Normal compilation ; Normal compilation ;
; HDL message level                                                          ; Level2             ; Level2             ;
; Suppress Register Optimization Related Messages                            ; Off                ; Off                ;
; Number of Removed Registers Reported in Synthesis Report                   ; 5000               ; 5000               ;
; Number of Swept Nodes Reported in Synthesis Report                         ; 5000               ; 5000               ;
; Number of Inverted Registers Reported in Synthesis Report                  ; 100                ; 100                ;
; Clock MUX Protection                                                       ; On                 ; On                 ;
; Auto Gated Clock Conversion                                                ; Off                ; Off                ;
; Block Design Naming                                                        ; Auto               ; Auto               ;
; SDC constraint protection                                                  ; Off                ; Off                ;
; Synthesis Effort                                                           ; Auto               ; Auto               ;
; Shift Register Replacement - Allow Asynchronous Clear Signal               ; On                 ; On                 ;
; Pre-Mapping Resynthesis Optimization                                       ; Off                ; Off                ;
; Analysis & Synthesis Message Level                                         ; Medium             ; Medium             ;
; Disable Register Merging Across Hierarchies                                ; Auto               ; Auto               ;
; Resource Aware Inference For Block RAM                                     ; On                 ; On                 ;
; Synthesis Seed                                                             ; 1                  ; 1                  ;
+----------------------------------------------------------------------------+--------------------+--------------------+


+------------------------------------------+
; Parallel Compilation                     ;
+----------------------------+-------------+
; Processors                 ; Number      ;
+----------------------------+-------------+
; Number detected on machine ; 8           ;
; Maximum allowed            ; 4           ;
;                            ;             ;
; Average used               ; 1.00        ;
; Maximum used               ; 1           ;
;                            ;             ;
; Usage by Processor         ; % Time Used ;
;     1 processor            ; 100.0%      ;
;     2-8 processors         ;   0.0%      ;
+----------------------------+-------------+


+-------------------------------+
; Analysis & Synthesis Messages ;
+-------------------------------+
Info: *******************************************************************
Info: Running Quartus II 32-bit Analysis & Synthesis
    Info: Version 12.1 Build 243 01/31/2013 Service Pack 1 SJ Full Version
    Info: Processing started: Mon Feb  6 13:55:34 2017
Info: Command: quartus_map --read_settings_files=on --write_settings_files=off DrumAnywhere_1_0 -c DrumAnywhere_1_0
Info (11104): Parallel Compilation has detected 8 hyper-threaded processors. However, the extra hyper-threaded processors will not be used by default. Parallel Compilation will use 4 of the 4 physical processors detected instead.
Info (12248): Elaborating Qsys system entity "niosII_system.qsys"
Info (12250): 2017.02.06.13:55:38 Progress: Loading DrumAnywhere_1_0/niosII_system.qsys
Info (12250): 2017.02.06.13:55:39 Progress: Reading input file
Info (12250): 2017.02.06.13:55:39 Progress: Adding clk_0 [clock_source 12.1]
Info (12250): 2017.02.06.13:55:39 Progress: Parameterizing module clk_0
Info (12250): 2017.02.06.13:55:39 Progress: Adding nios2_qsys_0 [altera_nios2_qsys 12.1]
Info (12250): 2017.02.06.13:55:40 Progress: Parameterizing module nios2_qsys_0
Info (12250): 2017.02.06.13:55:40 Progress: Adding onchip_memory2_0 [altera_avalon_onchip_memory2 12.1]
Info (12250): 2017.02.06.13:55:40 Progress: Parameterizing module onchip_memory2_0
Info (12250): 2017.02.06.13:55:40 Progress: Adding sysid_qsys_0 [altera_avalon_sysid_qsys 12.1]
Info (12250): 2017.02.06.13:55:40 Progress: Parameterizing module sysid_qsys_0
Info (12250): 2017.02.06.13:55:40 Progress: Adding timer_0 [altera_avalon_timer 12.1]
Info (12250): 2017.02.06.13:55:40 Progress: Parameterizing module timer_0
Info (12250): 2017.02.06.13:55:40 Progress: Adding jtag_uart_0 [altera_avalon_jtag_uart 12.1]
Info (12250): 2017.02.06.13:55:40 Progress: Parameterizing module jtag_uart_0
Info (12250): 2017.02.06.13:55:40 Progress: Adding character_lcd_0 [altera_up_avalon_character_lcd 12.0]
Info (12250): 2017.02.06.13:55:40 Progress: Parameterizing module character_lcd_0
Info (12250): 2017.02.06.13:55:40 Progress: Adding green_leds [altera_avalon_pio 12.1]
Info (12250): 2017.02.06.13:55:40 Progress: Parameterizing module green_leds
Info (12250): 2017.02.06.13:55:40 Progress: Adding switch [altera_avalon_pio 12.1]
Info (12250): 2017.02.06.13:55:40 Progress: Parameterizing module switch
Info (12250): 2017.02.06.13:55:40 Progress: Adding altpll_0 [altpll 12.1]
Info (12250): 2017.02.06.13:55:40 Progress: Parameterizing module altpll_0
Info (12250): 2017.02.06.13:55:40 Progress: Adding sdram_0 [altera_avalon_new_sdram_controller 12.1]
Info (12250): 2017.02.06.13:55:40 Progress: Parameterizing module sdram_0
Info (12250): 2017.02.06.13:55:40 Progress: Adding sram_0 [altera_up_avalon_sram 12.0]
Info (12250): 2017.02.06.13:55:40 Progress: Parameterizing module sram_0
Info (12250): 2017.02.06.13:55:40 Progress: Adding audio_0 [altera_up_avalon_audio 12.0]
Info (12250): 2017.02.06.13:55:40 Progress: Parameterizing module audio_0
Info (12250): 2017.02.06.13:55:40 Progress: Adding audio_and_video_config_0 [altera_up_avalon_audio_and_video_config 12.0]
Info (12250): 2017.02.06.13:55:40 Progress: Parameterizing module audio_and_video_config_0
Info (12250): 2017.02.06.13:55:40 Progress: Adding clk_1 [clock_source 12.1]
Info (12250): 2017.02.06.13:55:40 Progress: Parameterizing module clk_1
Info (12250): 2017.02.06.13:55:40 Progress: Adding up_clocks_0 [altera_up_clocks 12.0]
Info (12250): 2017.02.06.13:55:40 Progress: Parameterizing module up_clocks_0
Info (12250): 2017.02.06.13:55:40 Progress: Adding spi_0 [altera_avalon_spi 12.1]
Info (12250): 2017.02.06.13:55:40 Progress: Parameterizing module spi_0
Info (12250): 2017.02.06.13:55:40 Progress: Building connections
Info (12250): 2017.02.06.13:55:40 Progress: Parameterizing connections
Info (12250): 2017.02.06.13:55:40 Progress: Validating
Info (12250): 2017.02.06.13:55:41 Progress: Done reading input file
Info (12250): NiosII_system.onchip_memory2_0: Memory will be initialized from onchip_memory2_0.hex
Info (12250): NiosII_system.sysid_qsys_0: System ID is not assigned automatically. Edit the System ID parameter to provide a unique ID
Info (12250): NiosII_system.sysid_qsys_0: Time stamp will be automatically updated when this component is generated.
Info (12250): NiosII_system.switch: PIO inputs are not hardwired in test bench. Undefined values will be read from PIO inputs during simulation.
Warning (12251): NiosII_system.spi_0: spi_0.spi_control_port must be connected to an Avalon-MM master
Warning (12251): NiosII_system.altpll_0: altpll_0.areset_conduit must be exported, or connected to a matching conduit.
Warning (12251): NiosII_system.altpll_0: altpll_0.locked_conduit must be exported, or connected to a matching conduit.
Warning (12251): NiosII_system.altpll_0: altpll_0.phasedone_conduit must be exported, or connected to a matching conduit.
Warning (12251): NiosII_system.spi_0: Interrupt sender spi_0.irq is not connected to an interrupt receiver
Info (12250): NiosII_system: Generating niosII_system "niosII_system" for QUARTUS_SYNTH
Info (12250): Pipeline_bridge_swap_transform: After transform: 17 modules, 101 connections
Info (12250): No custom instruction connections, skipping transform 
Info (12250): Merlin_translator_transform: After transform: 32 modules, 191 connections
Info (12250): Merlin_domain_transform: After transform: 62 modules, 477 connections
Info (12250): Merlin_router_transform: After transform: 77 modules, 567 connections
Info (12250): Merlin_burst_transform: After transform: 80 modules, 585 connections
Info (12250): Reset_adaptation_transform: After transform: 83 modules, 320 connections
Info (12250): Merlin_network_to_switch_transform: After transform: 112 modules, 388 connections
Info (12250): Merlin_width_transform: After transform: 118 modules, 406 connections
Info (12250): Inserting clock-crossing logic between cmd_xbar_demux_001.src6 and cmd_xbar_mux_006.sink0
Info (12250): Inserting clock-crossing logic between rsp_xbar_demux_006.src0 and rsp_xbar_mux_001.sink6
Info (12250): Com_altera_sopcmodel_transforms_avalon_ClockCrossingTransform: After transform: 120 modules, 416 connections
Info (12250): Merlin_interrupt_mapper_transform: After transform: 121 modules, 419 connections
Info (12250): Nios2_qsys_0: Starting RTL generation for module 'niosII_system_nios2_qsys_0'
Info (12250): Nios2_qsys_0:   Generation command is [exec /OPT/altera/12.1/quartus/../ip/altera/nios2_ip/altera_nios2/eperl -I /OPT/altera/12.1/quartus/common/ip/altera/common/perl/5.8.3 -I /OPT/altera/12.1/quartus/sopc_builder/bin/europa -I /OPT/altera/12.1/quartus/sopc_builder/bin/perl_lib -I /OPT/altera/12.1/quartus/sopc_builder/bin -I /OPT/altera/12.1/quartus/../ip/altera/nios2_ip/altera_nios2/cpu_lib -I /OPT/altera/12.1/quartus/../ip/altera/nios2_ip/altera_nios2/nios_lib -I /OPT/altera/12.1/quartus/../ip/altera/nios2_ip/altera_nios2 -I /OPT/altera/12.1/quartus/../ip/altera/nios2_ip/altera_nios2 -- /OPT/altera/12.1/quartus/../ip/altera/nios2_ip/altera_nios2/generate_rtl.epl --name=niosII_system_nios2_qsys_0 --dir=/tmp/alt7203_5663583827040027574.dir/0001_nios2_qsys_0_gen/ --quartus_dir=/OPT/altera/12.1/quartus --verilog --config=/tmp/alt7203_5663583827040027574.dir/0001_nios2_qsys_0_gen//niosII_system_nios2_qsys_0_processor_configuration.pl  --do_build_sim=0    --bogus  ]
Info (12250): Nios2_qsys_0: # 2017.02.06 13:55:45 (*) Starting Nios II generation
Info (12250): Nios2_qsys_0: # 2017.02.06 13:55:45 (*)   Checking for plaintext license.
Info (12250): Nios2_qsys_0: # 2017.02.06 13:55:46 (*)   Couldn't query license setup in Quartus directory /OPT/altera/12.1/quartus
Info (12250): Nios2_qsys_0: # 2017.02.06 13:55:46 (*)   Defaulting to contents of LM_LICENSE_FILE environment variable
Info (12250): Nios2_qsys_0: # 2017.02.06 13:55:46 (*)   Plaintext license not found.
Info (12250): Nios2_qsys_0: # 2017.02.06 13:55:46 (*)   No license required to generate encrypted Nios II/e.
Info (12250): Nios2_qsys_0: # 2017.02.06 13:55:46 (*)   Elaborating CPU configuration settings
Info (12250): Nios2_qsys_0: # 2017.02.06 13:55:46 (*)   Creating all objects for CPU
Info (12250): Nios2_qsys_0: # 2017.02.06 13:55:47 (*)   Generating RTL from CPU objects
Info (12250): Nios2_qsys_0: # 2017.02.06 13:55:47 (*)   Creating plain-text RTL
Info (12250): Nios2_qsys_0: # 2017.02.06 13:55:50 (*) Done Nios II generation
Info (12250): Nios2_qsys_0: Done RTL generation for module 'niosII_system_nios2_qsys_0'
Info (12250): Nios2_qsys_0: "niosII_system" instantiated altera_nios2_qsys "nios2_qsys_0"
Info (12250): Starting classic module elaboration.
Info (12250): 2017.02.06.13:55:50 "/OPT/altera/12.1/quartus/linux/jre/bin/java" -Xmx512M -classpath "/OPT/altera/12.1/quartus/sopc_builder/bin/sopc_builder.jar:/OPT/altera/12.1/quartus/sopc_builder/bin/PinAssigner.jar:/OPT/altera/12.1/quartus/sopc_builder/bin/sopc_wizard.jar:/OPT/altera/12.1/quartus/sopc_builder/bin/jptf.jar" sopc_builder.sopc_builder  -d"/OPT/altera/12.1/quartus/sopc_builder" -notalkback=1 -projectnameyysystem.qpf -projectpath/tmp/alt7203_5663583827040027574.dir/0002_sopclgen  --no_splash --refresh /tmp/alt7203_5663583827040027574.dir/0002_sopclgen/yysystem.v --quartus_dir="/OPT/altera/12.1/quartus" --sopc_perl="/OPT/altera/12.1/quartus/linux/perl" --sopc_lib_path="++/OPT/altera/12.1/quartus/../ip/altera/sopc_builder_ip+/OPT/altera/12.1/quartus/../ip/altera/nios2_ip"
Info (12250): 2017.02.06.13:55:50 (java:22112): Gtk-WARNING **: Unable to locate theme engine in module_path: "adwaita",
Info (12250): 2017.02.06.13:55:50 (java:22112): Gtk-WARNING **: Unable to locate theme engine in module_path: "adwaita",
Info (12250): 2017.02.06.13:55:50 Gtk-Message: Failed to load module "pk-gtk-module"
Info (12250): 2017.02.06.13:55:50 Gtk-Message: Failed to load module "canberra-gtk-module"
Info (12250): Finished elaborating classic module.
Info (12250): 2017.02.06.13:55:51 Executing: /OPT/altera/12.1/quartus//sopc_builder/bin/sopc_builder --classic --generate /tmp/alt7203_5663583827040027574.dir/0002_sopclgen/yysystem.ptf
Info (12250): Running sopc_builder...
Info (12250): 2017.02.06.13:55:51 "/OPT/altera/12.1/quartus//linux/jre/bin/java" -Xmx512M -classpath "/OPT/altera/12.1/quartus//sopc_builder/bin/sopc_builder.jar:/OPT/altera/12.1/quartus//sopc_builder/bin/PinAssigner.jar:/OPT/altera/12.1/quartus//sopc_builder/bin/sopc_wizard.jar:/OPT/altera/12.1/quartus//sopc_builder/bin/jptf.jar" sopc_builder.sopc_builder  -d"/OPT/altera/12.1/quartus//sopc_builder" -notalkback=1 -projectnameyysystem.qpf -projectpath/tmp/alt7203_5663583827040027574.dir/0002_sopclgen  --generate /tmp/alt7203_5663583827040027574.dir/0002_sopclgen/yysystem.v --quartus_dir="/OPT/altera/12.1/quartus/" --sopc_perl="/OPT/altera/12.1/quartus//linux/perl" --sopc_lib_path="++/OPT/altera/12.1/quartus//../ip/altera/sopc_builder_ip+/OPT/altera/12.1/quartus//../ip/altera/nios2_ip"
Info (12250): 2017.02.06.13:55:51 (java:22155): Gtk-WARNING **: Unable to locate theme engine in module_path: "adwaita",
Info (12250): 2017.02.06.13:55:51 (java:22155): Gtk-WARNING **: Unable to locate theme engine in module_path: "adwaita",
Info (12250): 2017.02.06.13:55:51 Gtk-Message: Failed to load module "pk-gtk-module"
Info (12250): 2017.02.06.13:55:51 Gtk-Message: Failed to load module "canberra-gtk-module"
Info (12250): 2017.02.06.13:55:52 .
Info (12250): 2017.02.06.13:55:53 # 2017.02.06 13:55:53 (*) Success: sopc_builder finished.
Info (12250): Onchip_memory2_0: "niosII_system" instantiated altera_avalon_onchip_memory2 "onchip_memory2_0"
Info (12250): Sysid_qsys_0: "niosII_system" instantiated altera_avalon_sysid_qsys "sysid_qsys_0"
Info (12250): Starting classic module elaboration.
Info (12250): 2017.02.06.13:55:54 "/OPT/altera/12.1/quartus/linux/jre/bin/java" -Xmx512M -classpath "/OPT/altera/12.1/quartus/sopc_builder/bin/sopc_builder.jar:/OPT/altera/12.1/quartus/sopc_builder/bin/PinAssigner.jar:/OPT/altera/12.1/quartus/sopc_builder/bin/sopc_wizard.jar:/OPT/altera/12.1/quartus/sopc_builder/bin/jptf.jar" sopc_builder.sopc_builder  -d"/OPT/altera/12.1/quartus/sopc_builder" -notalkback=1 -projectnameyysystem.qpf -projectpath/tmp/alt7203_5663583827040027574.dir/0004_sopclgen  --no_splash --refresh /tmp/alt7203_5663583827040027574.dir/0004_sopclgen/yysystem.v --quartus_dir="/OPT/altera/12.1/quartus" --sopc_perl="/OPT/altera/12.1/quartus/linux/perl" --sopc_lib_path="++/OPT/altera/12.1/quartus/../ip/altera/sopc_builder_ip+/OPT/altera/12.1/quartus/../ip/altera/nios2_ip"
Info (12250): 2017.02.06.13:55:54 (java:22201): Gtk-WARNING **: Unable to locate theme engine in module_path: "adwaita",
Info (12250): 2017.02.06.13:55:54 (java:22201): Gtk-WARNING **: Unable to locate theme engine in module_path: "adwaita",
Info (12250): 2017.02.06.13:55:54 Gtk-Message: Failed to load module "pk-gtk-module"
Info (12250): 2017.02.06.13:55:54 Gtk-Message: Failed to load module "canberra-gtk-module"
Info (12250): Finished elaborating classic module.
Info (12250): 2017.02.06.13:55:55 Executing: /OPT/altera/12.1/quartus//sopc_builder/bin/sopc_builder --classic --generate /tmp/alt7203_5663583827040027574.dir/0004_sopclgen/yysystem.ptf
Info (12250): Running sopc_builder...
Info (12250): 2017.02.06.13:55:55 "/OPT/altera/12.1/quartus//linux/jre/bin/java" -Xmx512M -classpath "/OPT/altera/12.1/quartus//sopc_builder/bin/sopc_builder.jar:/OPT/altera/12.1/quartus//sopc_builder/bin/PinAssigner.jar:/OPT/altera/12.1/quartus//sopc_builder/bin/sopc_wizard.jar:/OPT/altera/12.1/quartus//sopc_builder/bin/jptf.jar" sopc_builder.sopc_builder  -d"/OPT/altera/12.1/quartus//sopc_builder" -notalkback=1 -projectnameyysystem.qpf -projectpath/tmp/alt7203_5663583827040027574.dir/0004_sopclgen  --generate /tmp/alt7203_5663583827040027574.dir/0004_sopclgen/yysystem.v --quartus_dir="/OPT/altera/12.1/quartus/" --sopc_perl="/OPT/altera/12.1/quartus//linux/perl" --sopc_lib_path="++/OPT/altera/12.1/quartus//../ip/altera/sopc_builder_ip+/OPT/altera/12.1/quartus//../ip/altera/nios2_ip"
Info (12250): 2017.02.06.13:55:55 (java:22235): Gtk-WARNING **: Unable to locate theme engine in module_path: "adwaita",
Info (12250): 2017.02.06.13:55:55 (java:22235): Gtk-WARNING **: Unable to locate theme engine in module_path: "adwaita",
Info (12250): 2017.02.06.13:55:55 Gtk-Message: Failed to load module "pk-gtk-module"
Info (12250): 2017.02.06.13:55:55 Gtk-Message: Failed to load module "canberra-gtk-module"
Info (12250): 2017.02.06.13:55:56 .
Info (12250): 2017.02.06.13:55:57 # 2017.02.06 13:55:57 (*) Success: sopc_builder finished.
Info (12250): Timer_0: "niosII_system" instantiated altera_avalon_timer "timer_0"
Info (12250): Starting classic module elaboration.
Info (12250): 2017.02.06.13:55:57 "/OPT/altera/12.1/quartus/linux/jre/bin/java" -Xmx512M -classpath "/OPT/altera/12.1/quartus/sopc_builder/bin/sopc_builder.jar:/OPT/altera/12.1/quartus/sopc_builder/bin/PinAssigner.jar:/OPT/altera/12.1/quartus/sopc_builder/bin/sopc_wizard.jar:/OPT/altera/12.1/quartus/sopc_builder/bin/jptf.jar" sopc_builder.sopc_builder  -d"/OPT/altera/12.1/quartus/sopc_builder" -notalkback=1 -projectnameyysystem.qpf -projectpath/tmp/alt7203_5663583827040027574.dir/0005_sopclgen  --no_splash --refresh /tmp/alt7203_5663583827040027574.dir/0005_sopclgen/yysystem.v --quartus_dir="/OPT/altera/12.1/quartus" --sopc_perl="/OPT/altera/12.1/quartus/linux/perl" --sopc_lib_path="++/OPT/altera/12.1/quartus/../ip/altera/sopc_builder_ip+/OPT/altera/12.1/quartus/../ip/altera/nios2_ip"
Info (12250): 2017.02.06.13:55:58 (java:22290): Gtk-WARNING **: Unable to locate theme engine in module_path: "adwaita",
Info (12250): 2017.02.06.13:55:58 (java:22290): Gtk-WARNING **: Unable to locate theme engine in module_path: "adwaita",
Info (12250): 2017.02.06.13:55:58 Gtk-Message: Failed to load module "pk-gtk-module"
Info (12250): 2017.02.06.13:55:58 Gtk-Message: Failed to load module "canberra-gtk-module"
Info (12250): Finished elaborating classic module.
Info (12250): 2017.02.06.13:55:59 Executing: /OPT/altera/12.1/quartus//sopc_builder/bin/sopc_builder --classic --generate /tmp/alt7203_5663583827040027574.dir/0005_sopclgen/yysystem.ptf
Info (12250): Running sopc_builder...
Info (12250): 2017.02.06.13:55:59 "/OPT/altera/12.1/quartus//linux/jre/bin/java" -Xmx512M -classpath "/OPT/altera/12.1/quartus//sopc_builder/bin/sopc_builder.jar:/OPT/altera/12.1/quartus//sopc_builder/bin/PinAssigner.jar:/OPT/altera/12.1/quartus//sopc_builder/bin/sopc_wizard.jar:/OPT/altera/12.1/quartus//sopc_builder/bin/jptf.jar" sopc_builder.sopc_builder  -d"/OPT/altera/12.1/quartus//sopc_builder" -notalkback=1 -projectnameyysystem.qpf -projectpath/tmp/alt7203_5663583827040027574.dir/0005_sopclgen  --generate /tmp/alt7203_5663583827040027574.dir/0005_sopclgen/yysystem.v --quartus_dir="/OPT/altera/12.1/quartus/" --sopc_perl="/OPT/altera/12.1/quartus//linux/perl" --sopc_lib_path="++/OPT/altera/12.1/quartus//../ip/altera/sopc_builder_ip+/OPT/altera/12.1/quartus//../ip/altera/nios2_ip"
Info (12250): 2017.02.06.13:55:59 (java:22324): Gtk-WARNING **: Unable to locate theme engine in module_path: "adwaita",
Info (12250): 2017.02.06.13:55:59 (java:22324): Gtk-WARNING **: Unable to locate theme engine in module_path: "adwaita",
Info (12250): 2017.02.06.13:55:59 Gtk-Message: Failed to load module "pk-gtk-module"
Info (12250): 2017.02.06.13:55:59 Gtk-Message: Failed to load module "canberra-gtk-module"
Info (12250): 2017.02.06.13:56:00 .
Info (12250): 2017.02.06.13:56:01 # 2017.02.06 13:56:01 (*) Success: sopc_builder finished.
Info (12250): Jtag_uart_0: "niosII_system" instantiated altera_avalon_jtag_uart "jtag_uart_0"
Info (12250): Character_lcd_0: Starting Generation of Character LCD
Info (12250): Character_lcd_0: "niosII_system" instantiated altera_up_avalon_character_lcd "character_lcd_0"
Info (12250): Starting classic module elaboration.
Info (12250): 2017.02.06.13:56:02 "/OPT/altera/12.1/quartus/linux/jre/bin/java" -Xmx512M -classpath "/OPT/altera/12.1/quartus/sopc_builder/bin/sopc_builder.jar:/OPT/altera/12.1/quartus/sopc_builder/bin/PinAssigner.jar:/OPT/altera/12.1/quartus/sopc_builder/bin/sopc_wizard.jar:/OPT/altera/12.1/quartus/sopc_builder/bin/jptf.jar" sopc_builder.sopc_builder  -d"/OPT/altera/12.1/quartus/sopc_builder" -notalkback=1 -projectnameyysystem.qpf -projectpath/tmp/alt7203_5663583827040027574.dir/0007_sopclgen  --no_splash --refresh /tmp/alt7203_5663583827040027574.dir/0007_sopclgen/yysystem.v --quartus_dir="/OPT/altera/12.1/quartus" --sopc_perl="/OPT/altera/12.1/quartus/linux/perl" --sopc_lib_path="++/OPT/altera/12.1/quartus/../ip/altera/sopc_builder_ip+/OPT/altera/12.1/quartus/../ip/altera/nios2_ip"
Info (12250): 2017.02.06.13:56:02 (java:22370): Gtk-WARNING **: Unable to locate theme engine in module_path: "adwaita",
Info (12250): 2017.02.06.13:56:02 (java:22370): Gtk-WARNING **: Unable to locate theme engine in module_path: "adwaita",
Info (12250): 2017.02.06.13:56:02 Gtk-Message: Failed to load module "pk-gtk-module"
Info (12250): 2017.02.06.13:56:02 Gtk-Message: Failed to load module "canberra-gtk-module"
Info (12250): Finished elaborating classic module.
Info (12250): 2017.02.06.13:56:03 Executing: /OPT/altera/12.1/quartus//sopc_builder/bin/sopc_builder --classic --generate /tmp/alt7203_5663583827040027574.dir/0007_sopclgen/yysystem.ptf
Info (12250): Running sopc_builder...
Info (12250): 2017.02.06.13:56:03 "/OPT/altera/12.1/quartus//linux/jre/bin/java" -Xmx512M -classpath "/OPT/altera/12.1/quartus//sopc_builder/bin/sopc_builder.jar:/OPT/altera/12.1/quartus//sopc_builder/bin/PinAssigner.jar:/OPT/altera/12.1/quartus//sopc_builder/bin/sopc_wizard.jar:/OPT/altera/12.1/quartus//sopc_builder/bin/jptf.jar" sopc_builder.sopc_builder  -d"/OPT/altera/12.1/quartus//sopc_builder" -notalkback=1 -projectnameyysystem.qpf -projectpath/tmp/alt7203_5663583827040027574.dir/0007_sopclgen  --generate /tmp/alt7203_5663583827040027574.dir/0007_sopclgen/yysystem.v --quartus_dir="/OPT/altera/12.1/quartus/" --sopc_perl="/OPT/altera/12.1/quartus//linux/perl" --sopc_lib_path="++/OPT/altera/12.1/quartus//../ip/altera/sopc_builder_ip+/OPT/altera/12.1/quartus//../ip/altera/nios2_ip"
Info (12250): 2017.02.06.13:56:03 (java:22413): Gtk-WARNING **: Unable to locate theme engine in module_path: "adwaita",
Info (12250): 2017.02.06.13:56:03 (java:22413): Gtk-WARNING **: Unable to locate theme engine in module_path: "adwaita",
Info (12250): 2017.02.06.13:56:03 Gtk-Message: Failed to load module "pk-gtk-module"
Info (12250): 2017.02.06.13:56:03 Gtk-Message: Failed to load module "canberra-gtk-module"
Info (12250): 2017.02.06.13:56:04 .
Info (12250): 2017.02.06.13:56:05 # 2017.02.06 13:56:05 (*) Success: sopc_builder finished.
Info (12250): Green_leds: "niosII_system" instantiated altera_avalon_pio "green_leds"
Info (12250): Starting classic module elaboration.
Info (12250): 2017.02.06.13:56:05 "/OPT/altera/12.1/quartus/linux/jre/bin/java" -Xmx512M -classpath "/OPT/altera/12.1/quartus/sopc_builder/bin/sopc_builder.jar:/OPT/altera/12.1/quartus/sopc_builder/bin/PinAssigner.jar:/OPT/altera/12.1/quartus/sopc_builder/bin/sopc_wizard.jar:/OPT/altera/12.1/quartus/sopc_builder/bin/jptf.jar" sopc_builder.sopc_builder  -d"/OPT/altera/12.1/quartus/sopc_builder" -notalkback=1 -projectnameyysystem.qpf -projectpath/tmp/alt7203_5663583827040027574.dir/0008_sopclgen  --no_splash --refresh /tmp/alt7203_5663583827040027574.dir/0008_sopclgen/yysystem.v --quartus_dir="/OPT/altera/12.1/quartus" --sopc_perl="/OPT/altera/12.1/quartus/linux/perl" --sopc_lib_path="++/OPT/altera/12.1/quartus/../ip/altera/sopc_builder_ip+/OPT/altera/12.1/quartus/../ip/altera/nios2_ip"
Info (12250): 2017.02.06.13:56:05 (java:22459): Gtk-WARNING **: Unable to locate theme engine in module_path: "adwaita",
Info (12250): 2017.02.06.13:56:05 (java:22459): Gtk-WARNING **: Unable to locate theme engine in module_path: "adwaita",
Info (12250): 2017.02.06.13:56:05 Gtk-Message: Failed to load module "pk-gtk-module"
Info (12250): 2017.02.06.13:56:05 Gtk-Message: Failed to load module "canberra-gtk-module"
Info (12250): Finished elaborating classic module.
Info (12250): 2017.02.06.13:56:06 Executing: /OPT/altera/12.1/quartus//sopc_builder/bin/sopc_builder --classic --generate /tmp/alt7203_5663583827040027574.dir/0008_sopclgen/yysystem.ptf
Info (12250): Running sopc_builder...
Info (12250): 2017.02.06.13:56:06 "/OPT/altera/12.1/quartus//linux/jre/bin/java" -Xmx512M -classpath "/OPT/altera/12.1/quartus//sopc_builder/bin/sopc_builder.jar:/OPT/altera/12.1/quartus//sopc_builder/bin/PinAssigner.jar:/OPT/altera/12.1/quartus//sopc_builder/bin/sopc_wizard.jar:/OPT/altera/12.1/quartus//sopc_builder/bin/jptf.jar" sopc_builder.sopc_builder  -d"/OPT/altera/12.1/quartus//sopc_builder" -notalkback=1 -projectnameyysystem.qpf -projectpath/tmp/alt7203_5663583827040027574.dir/0008_sopclgen  --generate /tmp/alt7203_5663583827040027574.dir/0008_sopclgen/yysystem.v --quartus_dir="/OPT/altera/12.1/quartus/" --sopc_perl="/OPT/altera/12.1/quartus//linux/perl" --sopc_lib_path="++/OPT/altera/12.1/quartus//../ip/altera/sopc_builder_ip+/OPT/altera/12.1/quartus//../ip/altera/nios2_ip"
Info (12250): 2017.02.06.13:56:07 (java:22502): Gtk-WARNING **: Unable to locate theme engine in module_path: "adwaita",
Info (12250): 2017.02.06.13:56:07 (java:22502): Gtk-WARNING **: Unable to locate theme engine in module_path: "adwaita",
Info (12250): 2017.02.06.13:56:07 Gtk-Message: Failed to load module "pk-gtk-module"
Info (12250): 2017.02.06.13:56:07 Gtk-Message: Failed to load module "canberra-gtk-module"
Info (12250): 2017.02.06.13:56:08 .
Info (12250): 2017.02.06.13:56:08 # 2017.02.06 13:56:08 (*) Success: sopc_builder finished.
Info (12250): Switch: "niosII_system" instantiated altera_avalon_pio "switch"
Info (12250): Altpll_0: "niosII_system" instantiated altpll "altpll_0"
Info (12250): Starting classic module elaboration.
Info (12250): 2017.02.06.13:56:11 "/OPT/altera/12.1/quartus/linux/jre/bin/java" -Xmx512M -classpath "/OPT/altera/12.1/quartus/sopc_builder/bin/sopc_builder.jar:/OPT/altera/12.1/quartus/sopc_builder/bin/PinAssigner.jar:/OPT/altera/12.1/quartus/sopc_builder/bin/sopc_wizard.jar:/OPT/altera/12.1/quartus/sopc_builder/bin/jptf.jar" sopc_builder.sopc_builder  -d"/OPT/altera/12.1/quartus/sopc_builder" -notalkback=1 -projectnameyysystem.qpf -projectpath/tmp/alt7203_5663583827040027574.dir/0011_sopclgen  --no_splash --refresh /tmp/alt7203_5663583827040027574.dir/0011_sopclgen/yysystem.v --quartus_dir="/OPT/altera/12.1/quartus" --sopc_perl="/OPT/altera/12.1/quartus/linux/perl" --sopc_lib_path="++/OPT/altera/12.1/quartus/../ip/altera/sopc_builder_ip+/OPT/altera/12.1/quartus/../ip/altera/nios2_ip"
Info (12250): 2017.02.06.13:56:11 (java:22582): Gtk-WARNING **: Unable to locate theme engine in module_path: "adwaita",
Info (12250): 2017.02.06.13:56:11 (java:22582): Gtk-WARNING **: Unable to locate theme engine in module_path: "adwaita",
Info (12250): 2017.02.06.13:56:11 Gtk-Message: Failed to load module "pk-gtk-module"
Info (12250): 2017.02.06.13:56:11 Gtk-Message: Failed to load module "canberra-gtk-module"
Info (12250): Finished elaborating classic module.
Info (12250): 2017.02.06.13:56:12 Executing: /OPT/altera/12.1/quartus//sopc_builder/bin/sopc_builder --classic --generate /tmp/alt7203_5663583827040027574.dir/0011_sopclgen/yysystem.ptf
Info (12250): Running sopc_builder...
Info (12250): 2017.02.06.13:56:12 "/OPT/altera/12.1/quartus//linux/jre/bin/java" -Xmx512M -classpath "/OPT/altera/12.1/quartus//sopc_builder/bin/sopc_builder.jar:/OPT/altera/12.1/quartus//sopc_builder/bin/PinAssigner.jar:/OPT/altera/12.1/quartus//sopc_builder/bin/sopc_wizard.jar:/OPT/altera/12.1/quartus//sopc_builder/bin/jptf.jar" sopc_builder.sopc_builder  -d"/OPT/altera/12.1/quartus//sopc_builder" -notalkback=1 -projectnameyysystem.qpf -projectpath/tmp/alt7203_5663583827040027574.dir/0011_sopclgen  --generate /tmp/alt7203_5663583827040027574.dir/0011_sopclgen/yysystem.v --quartus_dir="/OPT/altera/12.1/quartus/" --sopc_perl="/OPT/altera/12.1/quartus//linux/perl" --sopc_lib_path="++/OPT/altera/12.1/quartus//../ip/altera/sopc_builder_ip+/OPT/altera/12.1/quartus//../ip/altera/nios2_ip"
Info (12250): 2017.02.06.13:56:12 (java:22625): Gtk-WARNING **: Unable to locate theme engine in module_path: "adwaita",
Info (12250): 2017.02.06.13:56:12 (java:22625): Gtk-WARNING **: Unable to locate theme engine in module_path: "adwaita",
Info (12250): 2017.02.06.13:56:12 Gtk-Message: Failed to load module "pk-gtk-module"
Info (12250): 2017.02.06.13:56:12 Gtk-Message: Failed to load module "canberra-gtk-module"
Info (12250): 2017.02.06.13:56:14 .
Info (12250): 2017.02.06.13:56:14 .
Info (12250): 2017.02.06.13:56:14 # 2017.02.06 13:56:14 (*) Running Test Generator Program for niosII_system_sdram_0
Info (12250): 2017.02.06.13:56:15 # 2017.02.06 13:56:15 (*) Success: sopc_builder finished.
Info (12250): Sdram_0: "niosII_system" instantiated altera_avalon_new_sdram_controller "sdram_0"
Info (12250): Sram_0: Starting Generation of SRAM or SSRAM Controller
Info (12250): Sram_0: "niosII_system" instantiated altera_up_avalon_sram "sram_0"
Info (12250): Audio_0: Starting Generation of Audio Controller
Info (12250): Audio_0: "niosII_system" instantiated altera_up_avalon_audio "audio_0"
Info (12250): Audio_and_video_config_0: Starting Generation of Audio and Video Config
Info (12250): Audio_and_video_config_0: "niosII_system" instantiated altera_up_avalon_audio_and_video_config "audio_and_video_config_0"
Info (12250): Up_clocks_0: Starting Generation of Required Clocks for DE-Series Boards
Info (12250): Up_clocks_0: "niosII_system" instantiated altera_up_clocks "up_clocks_0"
Info (12250): Starting classic module elaboration.
Info (12250): 2017.02.06.13:56:16 "/OPT/altera/12.1/quartus/linux/jre/bin/java" -Xmx512M -classpath "/OPT/altera/12.1/quartus/sopc_builder/bin/sopc_builder.jar:/OPT/altera/12.1/quartus/sopc_builder/bin/PinAssigner.jar:/OPT/altera/12.1/quartus/sopc_builder/bin/sopc_wizard.jar:/OPT/altera/12.1/quartus/sopc_builder/bin/jptf.jar" sopc_builder.sopc_builder  -d"/OPT/altera/12.1/quartus/sopc_builder" -notalkback=1 -projectnameyysystem.qpf -projectpath/tmp/alt7203_5663583827040027574.dir/0016_sopclgen  --no_splash --refresh /tmp/alt7203_5663583827040027574.dir/0016_sopclgen/yysystem.v --quartus_dir="/OPT/altera/12.1/quartus" --sopc_perl="/OPT/altera/12.1/quartus/linux/perl" --sopc_lib_path="++/OPT/altera/12.1/quartus/../ip/altera/sopc_builder_ip+/OPT/altera/12.1/quartus/../ip/altera/nios2_ip"
Info (12250): 2017.02.06.13:56:16 (java:22672): Gtk-WARNING **: Unable to locate theme engine in module_path: "adwaita",
Info (12250): 2017.02.06.13:56:16 (java:22672): Gtk-WARNING **: Unable to locate theme engine in module_path: "adwaita",
Info (12250): 2017.02.06.13:56:16 Gtk-Message: Failed to load module "pk-gtk-module"
Info (12250): 2017.02.06.13:56:16 Gtk-Message: Failed to load module "canberra-gtk-module"
Info (12250): Finished elaborating classic module.
Info (12250): 2017.02.06.13:56:17 Executing: /OPT/altera/12.1/quartus//sopc_builder/bin/sopc_builder --classic --generate /tmp/alt7203_5663583827040027574.dir/0016_sopclgen/yysystem.ptf
Info (12250): Running sopc_builder...
Info (12250): 2017.02.06.13:56:17 "/OPT/altera/12.1/quartus//linux/jre/bin/java" -Xmx512M -classpath "/OPT/altera/12.1/quartus//sopc_builder/bin/sopc_builder.jar:/OPT/altera/12.1/quartus//sopc_builder/bin/PinAssigner.jar:/OPT/altera/12.1/quartus//sopc_builder/bin/sopc_wizard.jar:/OPT/altera/12.1/quartus//sopc_builder/bin/jptf.jar" sopc_builder.sopc_builder  -d"/OPT/altera/12.1/quartus//sopc_builder" -notalkback=1 -projectnameyysystem.qpf -projectpath/tmp/alt7203_5663583827040027574.dir/0016_sopclgen  --generate /tmp/alt7203_5663583827040027574.dir/0016_sopclgen/yysystem.v --quartus_dir="/OPT/altera/12.1/quartus/" --sopc_perl="/OPT/altera/12.1/quartus//linux/perl" --sopc_lib_path="++/OPT/altera/12.1/quartus//../ip/altera/sopc_builder_ip+/OPT/altera/12.1/quartus//../ip/altera/nios2_ip"
Info (12250): 2017.02.06.13:56:17 (java:22715): Gtk-WARNING **: Unable to locate theme engine in module_path: "adwaita",
Info (12250): 2017.02.06.13:56:17 (java:22715): Gtk-WARNING **: Unable to locate theme engine in module_path: "adwaita",
Info (12250): 2017.02.06.13:56:17 Gtk-Message: Failed to load module "pk-gtk-module"
Info (12250): 2017.02.06.13:56:17 Gtk-Message: Failed to load module "canberra-gtk-module"
Info (12250): 2017.02.06.13:56:18 .
Info (12250): 2017.02.06.13:56:19 # 2017.02.06 13:56:19 (*) Success: sopc_builder finished.
Info (12250): Spi_0: "niosII_system" instantiated altera_avalon_spi "spi_0"
Info (12250): Nios2_qsys_0_instruction_master_translator: "niosII_system" instantiated altera_merlin_master_translator "nios2_qsys_0_instruction_master_translator"
Info (12250): Nios2_qsys_0_jtag_debug_module_translator: "niosII_system" instantiated altera_merlin_slave_translator "nios2_qsys_0_jtag_debug_module_translator"
Info (12250): Nios2_qsys_0_instruction_master_translator_avalon_universal_master_0_agent: "niosII_system" instantiated altera_merlin_master_agent "nios2_qsys_0_instruction_master_translator_avalon_universal_master_0_agent"
Info (12250): Nios2_qsys_0_jtag_debug_module_translator_avalon_universal_slave_0_agent: "niosII_system" instantiated altera_merlin_slave_agent "nios2_qsys_0_jtag_debug_module_translator_avalon_universal_slave_0_agent"
Info (12250): Nios2_qsys_0_jtag_debug_module_translator_avalon_universal_slave_0_agent_rsp_fifo: "niosII_system" instantiated altera_avalon_sc_fifo "nios2_qsys_0_jtag_debug_module_translator_avalon_universal_slave_0_agent_rsp_fifo"
Info (12250): Addr_router: "niosII_system" instantiated altera_merlin_router "addr_router"
Info (12250): Addr_router_001: "niosII_system" instantiated altera_merlin_router "addr_router_001"
Info (12250): Id_router: "niosII_system" instantiated altera_merlin_router "id_router"
Info (12250): Id_router_002: "niosII_system" instantiated altera_merlin_router "id_router_002"
Info (12250): Id_router_006: "niosII_system" instantiated altera_merlin_router "id_router_006"
Info (12250): Id_router_010: "niosII_system" instantiated altera_merlin_router "id_router_010"
Info (12250): Burst_adapter: "niosII_system" instantiated altera_merlin_burst_adapter "burst_adapter"
Info (12250): Rst_controller: "niosII_system" instantiated altera_reset_controller "rst_controller"
Info (12250): Cmd_xbar_demux: "niosII_system" instantiated altera_merlin_demultiplexer "cmd_xbar_demux"
Info (12250): Cmd_xbar_demux_001: "niosII_system" instantiated altera_merlin_demultiplexer "cmd_xbar_demux_001"
Info (12250): Cmd_xbar_mux: "niosII_system" instantiated altera_merlin_multiplexer "cmd_xbar_mux"
Info (12250): Rsp_xbar_demux: "niosII_system" instantiated altera_merlin_demultiplexer "rsp_xbar_demux"
Info (12250): Rsp_xbar_demux_006: "niosII_system" instantiated altera_merlin_demultiplexer "rsp_xbar_demux_006"
Info (12250): Rsp_xbar_mux: "niosII_system" instantiated altera_merlin_multiplexer "rsp_xbar_mux"
Info (12250): Reusing file /afs/ualberta.ca/home/j/f/jferris/ECE492/capstone/DrumAnywhere_1_0/db/ip/niosII_system/submodules/altera_merlin_arbitrator.sv
Info (12250): Rsp_xbar_mux_001: "niosII_system" instantiated altera_merlin_multiplexer "rsp_xbar_mux_001"
Info (12250): Reusing file /afs/ualberta.ca/home/j/f/jferris/ECE492/capstone/DrumAnywhere_1_0/db/ip/niosII_system/submodules/altera_merlin_arbitrator.sv
Info (12250): Width_adapter: "niosII_system" instantiated altera_merlin_width_adapter "width_adapter"
Info (12250): Reusing file /afs/ualberta.ca/home/j/f/jferris/ECE492/capstone/DrumAnywhere_1_0/db/ip/niosII_system/submodules/altera_merlin_burst_uncompressor.sv
Info (12250): Reusing file /afs/ualberta.ca/home/j/f/jferris/ECE492/capstone/DrumAnywhere_1_0/db/ip/niosII_system/submodules/altera_merlin_address_alignment.sv
Info (12250): Crosser: "niosII_system" instantiated altera_avalon_st_handshake_clock_crosser "crosser"
Info (12250): Irq_mapper: "niosII_system" instantiated altera_irq_mapper "irq_mapper"
Info (12250): NiosII_system: Done niosII_system" with 39 modules, 188 files, 3430141 bytes
Info (12249): Finished elaborating Qsys system entity "niosII_system.qsys"
Info (12021): Found 3 design units, including 1 entities, in source file DrumAnywhere_1_0.vhd
    Info (12022): Found design unit 1: DrumAnywhere_1_0-structure
    Info (12022): Found design unit 2: DE2_CONSTANTS
    Info (12023): Found entity 1: DrumAnywhere_1_0
Info (12021): Found 1 design units, including 1 entities, in source file db/ip/niosII_system/niosII_system.v
    Info (12023): Found entity 1: niosII_system
Info (12021): Found 1 design units, including 1 entities, in source file db/ip/niosII_system/submodules/altera_avalon_sc_fifo.v
    Info (12023): Found entity 1: altera_avalon_sc_fifo
Info (12021): Found 1 design units, including 1 entities, in source file db/ip/niosII_system/submodules/altera_avalon_st_clock_crosser.v
    Info (12023): Found entity 1: altera_avalon_st_clock_crosser
Info (12021): Found 1 design units, including 1 entities, in source file db/ip/niosII_system/submodules/altera_avalon_st_handshake_clock_crosser.v
    Info (12023): Found entity 1: altera_avalon_st_handshake_clock_crosser
Info (12021): Found 1 design units, including 1 entities, in source file db/ip/niosII_system/submodules/altera_avalon_st_pipeline_base.v
    Info (12023): Found entity 1: altera_avalon_st_pipeline_base
Info (12021): Found 1 design units, including 1 entities, in source file db/ip/niosII_system/submodules/altera_merlin_address_alignment.sv
    Info (12023): Found entity 1: altera_merlin_address_alignment
Info (12021): Found 2 design units, including 2 entities, in source file db/ip/niosII_system/submodules/altera_merlin_arbitrator.sv
    Info (12023): Found entity 1: altera_merlin_arbitrator
    Info (12023): Found entity 2: altera_merlin_arb_adder
Info (12021): Found 7 design units, including 7 entities, in source file db/ip/niosII_system/submodules/altera_merlin_burst_adapter.sv
    Info (12023): Found entity 1: altera_merlin_burst_adapter_burstwrap_increment
    Info (12023): Found entity 2: altera_merlin_burst_adapter_adder
    Info (12023): Found entity 3: altera_merlin_burst_adapter_subtractor
    Info (12023): Found entity 4: altera_merlin_burst_adapter_min
    Info (12023): Found entity 5: altera_merlin_burst_adapter
    Info (12023): Found entity 6: altera_merlin_burst_adapter_uncompressed_only
    Info (12023): Found entity 7: altera_merlin_burst_adapter_full
Info (12021): Found 1 design units, including 1 entities, in source file db/ip/niosII_system/submodules/altera_merlin_burst_uncompressor.sv
    Info (12023): Found entity 1: altera_merlin_burst_uncompressor
Info (12021): Found 1 design units, including 1 entities, in source file db/ip/niosII_system/submodules/altera_merlin_master_agent.sv
    Info (12023): Found entity 1: altera_merlin_master_agent
Info (12021): Found 1 design units, including 1 entities, in source file db/ip/niosII_system/submodules/altera_merlin_master_translator.sv
    Info (12023): Found entity 1: altera_merlin_master_translator
Info (12021): Found 1 design units, including 1 entities, in source file db/ip/niosII_system/submodules/altera_merlin_slave_agent.sv
    Info (12023): Found entity 1: altera_merlin_slave_agent
Info (12021): Found 1 design units, including 1 entities, in source file db/ip/niosII_system/submodules/altera_merlin_slave_translator.sv
    Info (12023): Found entity 1: altera_merlin_slave_translator
Info (12021): Found 1 design units, including 1 entities, in source file db/ip/niosII_system/submodules/altera_merlin_width_adapter.sv
    Info (12023): Found entity 1: altera_merlin_width_adapter
Info (12021): Found 1 design units, including 1 entities, in source file db/ip/niosII_system/submodules/altera_reset_controller.v
    Info (12023): Found entity 1: altera_reset_controller
Info (12021): Found 1 design units, including 1 entities, in source file db/ip/niosII_system/submodules/altera_reset_synchronizer.v
    Info (12023): Found entity 1: altera_reset_synchronizer
Info (12021): Found 1 design units, including 1 entities, in source file db/ip/niosII_system/submodules/altera_up_audio_bit_counter.v
    Info (12023): Found entity 1: altera_up_audio_bit_counter
Info (12021): Found 1 design units, including 1 entities, in source file db/ip/niosII_system/submodules/altera_up_audio_in_deserializer.v
    Info (12023): Found entity 1: altera_up_audio_in_deserializer
Info (12021): Found 1 design units, including 1 entities, in source file db/ip/niosII_system/submodules/altera_up_audio_out_serializer.v
    Info (12023): Found entity 1: altera_up_audio_out_serializer
Warning (10238): Verilog Module Declaration warning at altera_up_av_config_auto_init.v(70): ignored anonymous port(s) indicated by duplicate or dangling comma(s) in the port list for module "altera_up_av_config_auto_init"
Info (12021): Found 1 design units, including 1 entities, in source file db/ip/niosII_system/submodules/altera_up_av_config_auto_init.v
    Info (12023): Found entity 1: altera_up_av_config_auto_init
Info (12021): Found 1 design units, including 1 entities, in source file db/ip/niosII_system/submodules/altera_up_av_config_auto_init_d5m.v
    Info (12023): Found entity 1: altera_up_av_config_auto_init_d5m
Info (12021): Found 1 design units, including 1 entities, in source file db/ip/niosII_system/submodules/altera_up_av_config_auto_init_dc2.v
    Info (12023): Found entity 1: altera_up_av_config_auto_init_dc2
Info (12021): Found 1 design units, including 1 entities, in source file db/ip/niosII_system/submodules/altera_up_av_config_auto_init_lcm.v
    Info (12023): Found entity 1: altera_up_av_config_auto_init_lcm
Info (12021): Found 1 design units, including 1 entities, in source file db/ip/niosII_system/submodules/altera_up_av_config_auto_init_ltm.v
    Info (12023): Found entity 1: altera_up_av_config_auto_init_ltm
Info (12021): Found 1 design units, including 1 entities, in source file db/ip/niosII_system/submodules/altera_up_av_config_auto_init_ob_adv7180.v
    Info (12023): Found entity 1: altera_up_av_config_auto_init_ob_adv7180
Info (12021): Found 1 design units, including 1 entities, in source file db/ip/niosII_system/submodules/altera_up_av_config_auto_init_ob_adv7181.v
    Info (12023): Found entity 1: altera_up_av_config_auto_init_ob_adv7181
Info (12021): Found 1 design units, including 1 entities, in source file db/ip/niosII_system/submodules/altera_up_av_config_auto_init_ob_audio.v
    Info (12023): Found entity 1: altera_up_av_config_auto_init_ob_audio
Info (12021): Found 1 design units, including 1 entities, in source file db/ip/niosII_system/submodules/altera_up_av_config_auto_init_ob_de2_115.v
    Info (12023): Found entity 1: altera_up_av_config_auto_init_ob_de2_115
Info (12021): Found 1 design units, including 1 entities, in source file db/ip/niosII_system/submodules/altera_up_av_config_auto_init_ob_de2_35.v
    Info (12023): Found entity 1: altera_up_av_config_auto_init_ob_de2_35
Info (12021): Found 1 design units, including 1 entities, in source file db/ip/niosII_system/submodules/altera_up_av_config_auto_init_ob_de2_70.v
    Info (12023): Found entity 1: altera_up_av_config_auto_init_ob_de2_70
Info (12021): Found 1 design units, including 1 entities, in source file db/ip/niosII_system/submodules/altera_up_av_config_serial_bus_controller.v
    Info (12023): Found entity 1: altera_up_av_config_serial_bus_controller
Info (12021): Found 1 design units, including 1 entities, in source file db/ip/niosII_system/submodules/altera_up_character_lcd_communication.v
    Info (12023): Found entity 1: altera_up_character_lcd_communication
Info (12021): Found 1 design units, including 1 entities, in source file db/ip/niosII_system/submodules/altera_up_character_lcd_initialization.v
    Info (12023): Found entity 1: altera_up_character_lcd_initialization
Info (12021): Found 1 design units, including 1 entities, in source file db/ip/niosII_system/submodules/altera_up_clock_edge.v
    Info (12023): Found entity 1: altera_up_clock_edge
Info (12021): Found 1 design units, including 1 entities, in source file db/ip/niosII_system/submodules/altera_up_slow_clock_generator.v
    Info (12023): Found entity 1: altera_up_slow_clock_generator
Warning (10275): Verilog HDL Module Instantiation warning at altera_up_sync_fifo.v(157): ignored dangling comma in List of Port Connections
Info (12021): Found 1 design units, including 1 entities, in source file db/ip/niosII_system/submodules/altera_up_sync_fifo.v
    Info (12023): Found entity 1: altera_up_sync_fifo
Info (12021): Found 2 design units, including 2 entities, in source file db/ip/niosII_system/submodules/niosII_system_addr_router.sv
    Info (12023): Found entity 1: niosII_system_addr_router_default_decode
    Info (12023): Found entity 2: niosII_system_addr_router
Info (12021): Found 2 design units, including 2 entities, in source file db/ip/niosII_system/submodules/niosII_system_addr_router_001.sv
    Info (12023): Found entity 1: niosII_system_addr_router_001_default_decode
    Info (12023): Found entity 2: niosII_system_addr_router_001
Info (12021): Found 3 design units, including 3 entities, in source file db/ip/niosII_system/submodules/niosII_system_altpll_0.v
    Info (12023): Found entity 1: niosII_system_altpll_0_dffpipe_l2c
    Info (12023): Found entity 2: niosII_system_altpll_0_stdsync_sv6
    Info (12023): Found entity 3: niosII_system_altpll_0
Info (12021): Found 1 design units, including 1 entities, in source file db/ip/niosII_system/submodules/niosII_system_audio_0.v
    Info (12023): Found entity 1: niosII_system_audio_0
Info (12021): Found 1 design units, including 1 entities, in source file db/ip/niosII_system/submodules/niosII_system_audio_and_video_config_0.v
    Info (12023): Found entity 1: niosII_system_audio_and_video_config_0
Info (12021): Found 1 design units, including 1 entities, in source file db/ip/niosII_system/submodules/niosII_system_character_lcd_0.v
    Info (12023): Found entity 1: niosII_system_character_lcd_0
Info (12021): Found 1 design units, including 1 entities, in source file db/ip/niosII_system/submodules/niosII_system_cmd_xbar_demux.sv
    Info (12023): Found entity 1: niosII_system_cmd_xbar_demux
Info (12021): Found 1 design units, including 1 entities, in source file db/ip/niosII_system/submodules/niosII_system_cmd_xbar_demux_001.sv
    Info (12023): Found entity 1: niosII_system_cmd_xbar_demux_001
Info (12021): Found 1 design units, including 1 entities, in source file db/ip/niosII_system/submodules/niosII_system_cmd_xbar_mux.sv
    Info (12023): Found entity 1: niosII_system_cmd_xbar_mux
Info (12021): Found 1 design units, including 1 entities, in source file db/ip/niosII_system/submodules/niosII_system_green_leds.v
    Info (12023): Found entity 1: niosII_system_green_leds
Info (12021): Found 2 design units, including 2 entities, in source file db/ip/niosII_system/submodules/niosII_system_id_router.sv
    Info (12023): Found entity 1: niosII_system_id_router_default_decode
    Info (12023): Found entity 2: niosII_system_id_router
Info (12021): Found 2 design units, including 2 entities, in source file db/ip/niosII_system/submodules/niosII_system_id_router_002.sv
    Info (12023): Found entity 1: niosII_system_id_router_002_default_decode
    Info (12023): Found entity 2: niosII_system_id_router_002
Info (12021): Found 2 design units, including 2 entities, in source file db/ip/niosII_system/submodules/niosII_system_id_router_006.sv
    Info (12023): Found entity 1: niosII_system_id_router_006_default_decode
    Info (12023): Found entity 2: niosII_system_id_router_006
Info (12021): Found 2 design units, including 2 entities, in source file db/ip/niosII_system/submodules/niosII_system_id_router_010.sv
    Info (12023): Found entity 1: niosII_system_id_router_010_default_decode
    Info (12023): Found entity 2: niosII_system_id_router_010
Info (12021): Found 1 design units, including 1 entities, in source file db/ip/niosII_system/submodules/niosII_system_irq_mapper.sv
    Info (12023): Found entity 1: niosII_system_irq_mapper
Info (12021): Found 7 design units, including 7 entities, in source file db/ip/niosII_system/submodules/niosII_system_jtag_uart_0.v
    Info (12023): Found entity 1: niosII_system_jtag_uart_0_log_module
    Info (12023): Found entity 2: niosII_system_jtag_uart_0_sim_scfifo_w
    Info (12023): Found entity 3: niosII_system_jtag_uart_0_scfifo_w
    Info (12023): Found entity 4: niosII_system_jtag_uart_0_drom_module
    Info (12023): Found entity 5: niosII_system_jtag_uart_0_sim_scfifo_r
    Info (12023): Found entity 6: niosII_system_jtag_uart_0_scfifo_r
    Info (12023): Found entity 7: niosII_system_jtag_uart_0
Info (12021): Found 22 design units, including 22 entities, in source file db/ip/niosII_system/submodules/niosII_system_nios2_qsys_0.v
    Info (12023): Found entity 1: niosII_system_nios2_qsys_0_register_bank_a_module
    Info (12023): Found entity 2: niosII_system_nios2_qsys_0_register_bank_b_module
    Info (12023): Found entity 3: niosII_system_nios2_qsys_0_nios2_oci_debug
    Info (12023): Found entity 4: niosII_system_nios2_qsys_0_ociram_lpm_dram_bdp_component_module
    Info (12023): Found entity 5: niosII_system_nios2_qsys_0_nios2_ocimem
    Info (12023): Found entity 6: niosII_system_nios2_qsys_0_nios2_avalon_reg
    Info (12023): Found entity 7: niosII_system_nios2_qsys_0_nios2_oci_break
    Info (12023): Found entity 8: niosII_system_nios2_qsys_0_nios2_oci_xbrk
    Info (12023): Found entity 9: niosII_system_nios2_qsys_0_nios2_oci_dbrk
    Info (12023): Found entity 10: niosII_system_nios2_qsys_0_nios2_oci_itrace
    Info (12023): Found entity 11: niosII_system_nios2_qsys_0_nios2_oci_td_mode
    Info (12023): Found entity 12: niosII_system_nios2_qsys_0_nios2_oci_dtrace
    Info (12023): Found entity 13: niosII_system_nios2_qsys_0_nios2_oci_compute_tm_count
    Info (12023): Found entity 14: niosII_system_nios2_qsys_0_nios2_oci_fifowp_inc
    Info (12023): Found entity 15: niosII_system_nios2_qsys_0_nios2_oci_fifocount_inc
    Info (12023): Found entity 16: niosII_system_nios2_qsys_0_nios2_oci_fifo
    Info (12023): Found entity 17: niosII_system_nios2_qsys_0_nios2_oci_pib
    Info (12023): Found entity 18: niosII_system_nios2_qsys_0_traceram_lpm_dram_bdp_component_module
    Info (12023): Found entity 19: niosII_system_nios2_qsys_0_nios2_oci_im
    Info (12023): Found entity 20: niosII_system_nios2_qsys_0_nios2_performance_monitors
    Info (12023): Found entity 21: niosII_system_nios2_qsys_0_nios2_oci
    Info (12023): Found entity 22: niosII_system_nios2_qsys_0
Info (12021): Found 1 design units, including 1 entities, in source file db/ip/niosII_system/submodules/niosII_system_nios2_qsys_0_jtag_debug_module_sysclk.v
    Info (12023): Found entity 1: niosII_system_nios2_qsys_0_jtag_debug_module_sysclk
Info (12021): Found 1 design units, including 1 entities, in source file db/ip/niosII_system/submodules/niosII_system_nios2_qsys_0_jtag_debug_module_tck.v
    Info (12023): Found entity 1: niosII_system_nios2_qsys_0_jtag_debug_module_tck
Info (12021): Found 1 design units, including 1 entities, in source file db/ip/niosII_system/submodules/niosII_system_nios2_qsys_0_jtag_debug_module_wrapper.v
    Info (12023): Found entity 1: niosII_system_nios2_qsys_0_jtag_debug_module_wrapper
Info (12021): Found 1 design units, including 1 entities, in source file db/ip/niosII_system/submodules/niosII_system_nios2_qsys_0_oci_test_bench.v
    Info (12023): Found entity 1: niosII_system_nios2_qsys_0_oci_test_bench
Info (12021): Found 1 design units, including 1 entities, in source file db/ip/niosII_system/submodules/niosII_system_nios2_qsys_0_test_bench.v
    Info (12023): Found entity 1: niosII_system_nios2_qsys_0_test_bench
Info (12021): Found 1 design units, including 1 entities, in source file db/ip/niosII_system/submodules/niosII_system_onchip_memory2_0.v
    Info (12023): Found entity 1: niosII_system_onchip_memory2_0
Info (12021): Found 1 design units, including 1 entities, in source file db/ip/niosII_system/submodules/niosII_system_rsp_xbar_demux.sv
    Info (12023): Found entity 1: niosII_system_rsp_xbar_demux
Info (12021): Found 1 design units, including 1 entities, in source file db/ip/niosII_system/submodules/niosII_system_rsp_xbar_demux_006.sv
    Info (12023): Found entity 1: niosII_system_rsp_xbar_demux_006
Info (12021): Found 1 design units, including 1 entities, in source file db/ip/niosII_system/submodules/niosII_system_rsp_xbar_mux.sv
    Info (12023): Found entity 1: niosII_system_rsp_xbar_mux
Info (12021): Found 1 design units, including 1 entities, in source file db/ip/niosII_system/submodules/niosII_system_rsp_xbar_mux_001.sv
    Info (12023): Found entity 1: niosII_system_rsp_xbar_mux_001
Info (12021): Found 2 design units, including 2 entities, in source file db/ip/niosII_system/submodules/niosII_system_sdram_0.v
    Info (12023): Found entity 1: niosII_system_sdram_0_input_efifo_module
    Info (12023): Found entity 2: niosII_system_sdram_0
Info (12021): Found 1 design units, including 1 entities, in source file db/ip/niosII_system/submodules/niosII_system_spi_0.v
    Info (12023): Found entity 1: niosII_system_spi_0
Info (12021): Found 1 design units, including 1 entities, in source file db/ip/niosII_system/submodules/niosII_system_sram_0.v
    Info (12023): Found entity 1: niosII_system_sram_0
Info (12021): Found 1 design units, including 1 entities, in source file db/ip/niosII_system/submodules/niosII_system_switch.v
    Info (12023): Found entity 1: niosII_system_switch
Info (12021): Found 1 design units, including 1 entities, in source file db/ip/niosII_system/submodules/niosII_system_sysid_qsys_0.v
    Info (12023): Found entity 1: niosII_system_sysid_qsys_0
Info (12021): Found 1 design units, including 1 entities, in source file db/ip/niosII_system/submodules/niosII_system_timer_0.v
    Info (12023): Found entity 1: niosII_system_timer_0
Info (12021): Found 1 design units, including 1 entities, in source file db/ip/niosII_system/submodules/niosII_system_up_clocks_0.v
    Info (12023): Found entity 1: niosII_system_up_clocks_0
Error (10482): VHDL error at DrumAnywhere_1_0.vhd(197): object "SD_DAT" is used but not declared File: /afs/ualberta.ca/home/j/f/jferris/ECE492/capstone/DrumAnywhere_1_0/DrumAnywhere_1_0.vhd Line: 197
Error (10482): VHDL error at DrumAnywhere_1_0.vhd(198): object "SD_CMD" is used but not declared File: /afs/ualberta.ca/home/j/f/jferris/ECE492/capstone/DrumAnywhere_1_0/DrumAnywhere_1_0.vhd Line: 198
Error (10558): VHDL error at DrumAnywhere_1_0.vhd(198): cannot associate formal port "spi_0_external_MOSI" of mode "out" with an expression File: /afs/ualberta.ca/home/j/f/jferris/ECE492/capstone/DrumAnywhere_1_0/DrumAnywhere_1_0.vhd Line: 198
Error (10482): VHDL error at DrumAnywhere_1_0.vhd(199): object "SD_CLK" is used but not declared File: /afs/ualberta.ca/home/j/f/jferris/ECE492/capstone/DrumAnywhere_1_0/DrumAnywhere_1_0.vhd Line: 199
Error (10558): VHDL error at DrumAnywhere_1_0.vhd(199): cannot associate formal port "spi_0_external_SCLK" of mode "out" with an expression File: /afs/ualberta.ca/home/j/f/jferris/ECE492/capstone/DrumAnywhere_1_0/DrumAnywhere_1_0.vhd Line: 199
Error (10482): VHDL error at DrumAnywhere_1_0.vhd(200): object "SD_DAT3" is used but not declared File: /afs/ualberta.ca/home/j/f/jferris/ECE492/capstone/DrumAnywhere_1_0/DrumAnywhere_1_0.vhd Line: 200
Error (10558): VHDL error at DrumAnywhere_1_0.vhd(200): cannot associate formal port "spi_0_external_SS_n" of mode "out" with an expression File: /afs/ualberta.ca/home/j/f/jferris/ECE492/capstone/DrumAnywhere_1_0/DrumAnywhere_1_0.vhd Line: 200
Error: Quartus II 32-bit Analysis & Synthesis was unsuccessful. 7 errors, 7 warnings
    Error: Peak virtual memory: 371 megabytes
    Error: Processing ended: Mon Feb  6 13:56:23 2017
    Error: Elapsed time: 00:00:49
    Error: Total CPU time (on all processors): 00:01:08


