Info: Starting: Create block symbol file (.bsf)
Info: ip-generate --project-directory=/afs/ualberta.ca/home/l/i/liangmah/ECE492/capstone/DrumAnywhere_1_0/ --output-directory=/afs/ualberta.ca/home/l/i/liangmah/ECE492/capstone/DrumAnywhere_1_0/niosII_system/ --report-file=bsf:/afs/ualberta.ca/home/l/i/liangmah/ECE492/capstone/DrumAnywhere_1_0/niosII_system.bsf --system-info=DEVICE_FAMILY="Cyclone II" --system-info=DEVICE=EP2C35F672C6 --system-info=DEVICE_SPEEDGRADE=6 --component-file=/afs/ualberta.ca/home/l/i/liangmah/ECE492/capstone/DrumAnywhere_1_0/niosII_system.qsys
Progress: Loading DrumAnywhere_1_0/niosII_system.qsys
Progress: Reading input file
Progress: Adding clk_0 [clock_source 12.1]
Progress: Parameterizing module clk_0
Progress: Adding nios2_qsys_0 [altera_nios2_qsys 12.1]
Progress: Parameterizing module nios2_qsys_0
Progress: Adding onchip_memory2_0 [altera_avalon_onchip_memory2 12.1]
Progress: Parameterizing module onchip_memory2_0
Progress: Adding sysid_qsys_0 [altera_avalon_sysid_qsys 12.1]
Progress: Parameterizing module sysid_qsys_0
Progress: Adding timer_0 [altera_avalon_timer 12.1]
Progress: Parameterizing module timer_0
Progress: Adding jtag_uart_0 [altera_avalon_jtag_uart 12.1]
Progress: Parameterizing module jtag_uart_0
Progress: Adding character_lcd_0 [altera_up_avalon_character_lcd 12.0]
Progress: Parameterizing module character_lcd_0
Progress: Adding altpll_0 [altpll 12.1]
Progress: Parameterizing module altpll_0
Progress: Adding sdram_0 [altera_avalon_new_sdram_controller 12.1]
Progress: Parameterizing module sdram_0
Progress: Adding sram_0 [altera_up_avalon_sram 12.0]
Progress: Parameterizing module sram_0
Progress: Adding generic_tristate_controller_0 [altera_generic_tristate_controller 12.1]
Progress: Parameterizing module generic_tristate_controller_0
Progress: Adding tristate_conduit_bridge_0 [altera_tristate_conduit_bridge 12.1]
Progress: Parameterizing module tristate_conduit_bridge_0
Progress: Adding tristate_conduit_pin_sharer_0 [altera_tristate_conduit_pin_sharer 12.1]
Progress: Parameterizing module tristate_conduit_pin_sharer_0
Progress: Adding I2C_SCL [altera_avalon_pio 12.1]
Progress: Parameterizing module I2C_SCL
Progress: Adding I2C_SDA [altera_avalon_pio 12.1]
Progress: Parameterizing module I2C_SDA
Progress: Adding I2C_SCL_2 [altera_avalon_pio 12.1]
Progress: Parameterizing module I2C_SCL_2
Progress: Adding I2C_SDA_2 [altera_avalon_pio 12.1]
Progress: Parameterizing module I2C_SDA_2
Progress: Adding drum_out [altera_avalon_pio 12.1]
Progress: Parameterizing module drum_out
Progress: Building connections
Progress: Parameterizing connections
Progress: Validating
Progress: Done reading input file
Info: niosII_system.onchip_memory2_0: Memory will be initialized from onchip_memory2_0.hex
Info: niosII_system.sysid_qsys_0: System ID is not assigned automatically. Edit the System ID parameter to provide a unique ID
Info: niosII_system.sysid_qsys_0: Time stamp will be automatically updated when this component is generated.
Warning: niosII_system.generic_tristate_controller_0: Properties (isFlash,isMemoryDevice) have been set on interface uas - in composed mode these are ignored
Info: niosII_system.I2C_SDA: PIO inputs are not hardwired in test bench. Undefined values will be read from PIO inputs during simulation.
Info: niosII_system.I2C_SDA_2: PIO inputs are not hardwired in test bench. Undefined values will be read from PIO inputs during simulation.
Warning: niosII_system.altpll_0: altpll_0.areset_conduit must be exported, or connected to a matching conduit.
Warning: niosII_system.altpll_0: altpll_0.locked_conduit must be exported, or connected to a matching conduit.
Warning: niosII_system.altpll_0: altpll_0.phasedone_conduit must be exported, or connected to a matching conduit.
Info: ip-generate succeeded.
Info: Finished: Create block symbol file (.bsf)
Info: 
Info: Starting: Create HDL design files for synthesis
Info: ip-generate --project-directory=/afs/ualberta.ca/home/l/i/liangmah/ECE492/capstone/DrumAnywhere_1_0/ --output-directory=/afs/ualberta.ca/home/l/i/liangmah/ECE492/capstone/DrumAnywhere_1_0/niosII_system/synthesis/ --file-set=QUARTUS_SYNTH --report-file=sopcinfo:/afs/ualberta.ca/home/l/i/liangmah/ECE492/capstone/DrumAnywhere_1_0/niosII_system.sopcinfo --report-file=html:/afs/ualberta.ca/home/l/i/liangmah/ECE492/capstone/DrumAnywhere_1_0/niosII_system.html --report-file=qip:/afs/ualberta.ca/home/l/i/liangmah/ECE492/capstone/DrumAnywhere_1_0/niosII_system/synthesis/niosII_system.qip --report-file=cmp:/afs/ualberta.ca/home/l/i/liangmah/ECE492/capstone/DrumAnywhere_1_0/niosII_system.cmp --system-info=DEVICE_FAMILY="Cyclone II" --system-info=DEVICE=EP2C35F672C6 --system-info=DEVICE_SPEEDGRADE=6 --component-file=/afs/ualberta.ca/home/l/i/liangmah/ECE492/capstone/DrumAnywhere_1_0/niosII_system.qsys
Progress: Loading DrumAnywhere_1_0/niosII_system.qsys
Progress: Reading input file
Progress: Adding clk_0 [clock_source 12.1]
Progress: Parameterizing module clk_0
Progress: Adding nios2_qsys_0 [altera_nios2_qsys 12.1]
Progress: Parameterizing module nios2_qsys_0
Progress: Adding onchip_memory2_0 [altera_avalon_onchip_memory2 12.1]
Progress: Parameterizing module onchip_memory2_0
Progress: Adding sysid_qsys_0 [altera_avalon_sysid_qsys 12.1]
Progress: Parameterizing module sysid_qsys_0
Progress: Adding timer_0 [altera_avalon_timer 12.1]
Progress: Parameterizing module timer_0
Progress: Adding jtag_uart_0 [altera_avalon_jtag_uart 12.1]
Progress: Parameterizing module jtag_uart_0
Progress: Adding character_lcd_0 [altera_up_avalon_character_lcd 12.0]
Progress: Parameterizing module character_lcd_0
Progress: Adding altpll_0 [altpll 12.1]
Progress: Parameterizing module altpll_0
Progress: Adding sdram_0 [altera_avalon_new_sdram_controller 12.1]
Progress: Parameterizing module sdram_0
Progress: Adding sram_0 [altera_up_avalon_sram 12.0]
Progress: Parameterizing module sram_0
Progress: Adding generic_tristate_controller_0 [altera_generic_tristate_controller 12.1]
Progress: Parameterizing module generic_tristate_controller_0
Progress: Adding tristate_conduit_bridge_0 [altera_tristate_conduit_bridge 12.1]
Progress: Parameterizing module tristate_conduit_bridge_0
Progress: Adding tristate_conduit_pin_sharer_0 [altera_tristate_conduit_pin_sharer 12.1]
Progress: Parameterizing module tristate_conduit_pin_sharer_0
Progress: Adding I2C_SCL [altera_avalon_pio 12.1]
Progress: Parameterizing module I2C_SCL
Progress: Adding I2C_SDA [altera_avalon_pio 12.1]
Progress: Parameterizing module I2C_SDA
Progress: Adding I2C_SCL_2 [altera_avalon_pio 12.1]
Progress: Parameterizing module I2C_SCL_2
Progress: Adding I2C_SDA_2 [altera_avalon_pio 12.1]
Progress: Parameterizing module I2C_SDA_2
Progress: Adding drum_out [altera_avalon_pio 12.1]
Progress: Parameterizing module drum_out
Progress: Building connections
Progress: Parameterizing connections
Progress: Validating
Progress: Done reading input file
Info: niosII_system.onchip_memory2_0: Memory will be initialized from onchip_memory2_0.hex
Info: niosII_system.sysid_qsys_0: System ID is not assigned automatically. Edit the System ID parameter to provide a unique ID
Info: niosII_system.sysid_qsys_0: Time stamp will be automatically updated when this component is generated.
Warning: niosII_system.generic_tristate_controller_0: Properties (isFlash,isMemoryDevice) have been set on interface uas - in composed mode these are ignored
Info: niosII_system.I2C_SDA: PIO inputs are not hardwired in test bench. Undefined values will be read from PIO inputs during simulation.
Info: niosII_system.I2C_SDA_2: PIO inputs are not hardwired in test bench. Undefined values will be read from PIO inputs during simulation.
Warning: niosII_system.altpll_0: altpll_0.areset_conduit must be exported, or connected to a matching conduit.
Warning: niosII_system.altpll_0: altpll_0.locked_conduit must be exported, or connected to a matching conduit.
Warning: niosII_system.altpll_0: altpll_0.phasedone_conduit must be exported, or connected to a matching conduit.
Info: niosII_system: Generating niosII_system "niosII_system" for QUARTUS_SYNTH
Info: pipeline_bridge_swap_transform: After transform: 18 modules, 75 connections
Info: No custom instruction connections, skipping transform 
Info: merlin_translator_transform: After transform: 35 modules, 143 connections
Info: merlin_domain_transform: After transform: 69 modules, 370 connections
Info: merlin_router_transform: After transform: 86 modules, 438 connections
Info: merlin_traffic_limiter_transform: After transform: 88 modules, 448 connections
Info: merlin_burst_transform: After transform: 92 modules, 464 connections
Info: reset_adaptation_transform: After transform: 94 modules, 363 connections
Info: merlin_network_to_switch_transform: After transform: 127 modules, 437 connections
Info: merlin_width_transform: After transform: 135 modules, 461 connections
Info: Inserting clock-crossing logic between cmd_xbar_demux_001.src5 and cmd_xbar_mux_005.sink0
Info: Inserting clock-crossing logic between rsp_xbar_demux_005.src0 and rsp_xbar_mux_001.sink5
Info: com_altera_sopcmodel_transforms_avalon_ClockCrossingTransform: After transform: 137 modules, 471 connections
Info: limiter_update_transform: After transform: 137 modules, 473 connections
Info: merlin_interrupt_mapper_transform: After transform: 138 modules, 476 connections
Info: nios2_qsys_0: Starting RTL generation for module 'niosII_system_nios2_qsys_0'
Info: nios2_qsys_0:   Generation command is [exec /OPT/altera/12.1/quartus/../ip/altera/nios2_ip/altera_nios2/eperl -I /OPT/altera/12.1/quartus/common/ip/altera/common/perl/5.8.3 -I /OPT/altera/12.1/quartus/sopc_builder/bin/europa -I /OPT/altera/12.1/quartus/sopc_builder/bin/perl_lib -I /OPT/altera/12.1/quartus/sopc_builder/bin -I /OPT/altera/12.1/quartus/../ip/altera/nios2_ip/altera_nios2/cpu_lib -I /OPT/altera/12.1/quartus/../ip/altera/nios2_ip/altera_nios2/nios_lib -I /OPT/altera/12.1/quartus/../ip/altera/nios2_ip/altera_nios2 -I /OPT/altera/12.1/quartus/../ip/altera/nios2_ip/altera_nios2 -- /OPT/altera/12.1/quartus/../ip/altera/nios2_ip/altera_nios2/generate_rtl.epl --name=niosII_system_nios2_qsys_0 --dir=/tmp/alt7251_7941373024701473591.dir/0001_nios2_qsys_0_gen/ --quartus_dir=/OPT/altera/12.1/quartus --verilog --config=/tmp/alt7251_7941373024701473591.dir/0001_nios2_qsys_0_gen//niosII_system_nios2_qsys_0_processor_configuration.pl  --do_build_sim=0    --bogus  ]
Info: nios2_qsys_0: # 2017.03.26 15:02:05 (*) Starting Nios II generation
Info: nios2_qsys_0: # 2017.03.26 15:02:05 (*)   Checking for plaintext license.
Info: nios2_qsys_0: # 2017.03.26 15:02:05 (*)   Couldn't query license setup in Quartus directory /OPT/altera/12.1/quartus
Info: nios2_qsys_0: # 2017.03.26 15:02:05 (*)   Defaulting to contents of LM_LICENSE_FILE environment variable
Info: nios2_qsys_0: # 2017.03.26 15:02:05 (*)   Plaintext license not found.
Info: nios2_qsys_0: # 2017.03.26 15:02:05 (*)   Checking for encrypted license (non-evaluation).
Info: nios2_qsys_0: # 2017.03.26 15:02:06 (*)   Couldn't query license setup in Quartus directory /OPT/altera/12.1/quartus
Info: nios2_qsys_0: # 2017.03.26 15:02:06 (*)   Defaulting to contents of LM_LICENSE_FILE environment variable
Info: nios2_qsys_0: # 2017.03.26 15:02:06 (*)   Encrypted license found.  SOF will not be time-limited.
Info: nios2_qsys_0: # 2017.03.26 15:02:06 (*)   Elaborating CPU configuration settings
Info: nios2_qsys_0: # 2017.03.26 15:02:06 (*)   Creating all objects for CPU
Info: nios2_qsys_0: # 2017.03.26 15:02:06 (*)     Testbench
Info: nios2_qsys_0: # 2017.03.26 15:02:07 (*)     Instruction decoding
Info: nios2_qsys_0: # 2017.03.26 15:02:07 (*)       Instruction fields
Info: nios2_qsys_0: # 2017.03.26 15:02:07 (*)       Instruction decodes
Info: nios2_qsys_0: # 2017.03.26 15:02:07 (*)       Signals for RTL simulation waveforms
Info: nios2_qsys_0: # 2017.03.26 15:02:07 (*)       Instruction controls
Info: nios2_qsys_0: # 2017.03.26 15:02:07 (*)     Pipeline frontend
Info: nios2_qsys_0: # 2017.03.26 15:02:07 (*)     Pipeline backend
Info: nios2_qsys_0: # 2017.03.26 15:02:10 (*)   Generating RTL from CPU objects
Info: nios2_qsys_0: # 2017.03.26 15:02:13 (*)   Creating encrypted RTL
Info: nios2_qsys_0: # 2017.03.26 15:02:14 (*) Done Nios II generation
Info: nios2_qsys_0: Done RTL generation for module 'niosII_system_nios2_qsys_0'
Info: nios2_qsys_0: "niosII_system" instantiated altera_nios2_qsys "nios2_qsys_0"
Info: Starting classic module elaboration.
"/OPT/altera/12.1/quartus/linux/jre/bin/java" -Xmx512M -classpath "/OPT/altera/12.1/quartus/sopc_builder/bin/sopc_builder.jar:/OPT/altera/12.1/quartus/sopc_builder/bin/PinAssigner.jar:/OPT/altera/12.1/quartus/sopc_builder/bin/sopc_wizard.jar:/OPT/altera/12.1/quartus/sopc_builder/bin/jptf.jar" sopc_builder.sopc_builder  -d"/OPT/altera/12.1/quartus/sopc_builder" -notalkback=1 -projectnameyysystem.qpf -projectpath/tmp/alt7251_7941373024701473591.dir/0002_sopclgen  --no_splash --refresh /tmp/alt7251_7941373024701473591.dir/0002_sopclgen/yysystem.v --quartus_dir="/OPT/altera/12.1/quartus" --sopc_perl="/OPT/altera/12.1/quartus/linux/perl" --sopc_lib_path="++/OPT/altera/12.1/quartus/../ip/altera/sopc_builder_ip+/OPT/altera/12.1/quartus/../ip/altera/nios2_ip"
(java:8018): Gtk-WARNING **: Unable to locate theme engine in module_path: "adwaita",
(java:8018): Gtk-WARNING **: Unable to locate theme engine in module_path: "adwaita",
Gtk-Message: Failed to load module "pk-gtk-module"
Gtk-Message: Failed to load module "canberra-gtk-module"
Info: Finished elaborating classic module.
Executing: /OPT/altera/12.1/quartus//sopc_builder/bin/sopc_builder --classic --generate /tmp/alt7251_7941373024701473591.dir/0002_sopclgen/yysystem.ptf
Info: Running sopc_builder...
"/OPT/altera/12.1/quartus//linux/jre/bin/java" -Xmx512M -classpath "/OPT/altera/12.1/quartus//sopc_builder/bin/sopc_builder.jar:/OPT/altera/12.1/quartus//sopc_builder/bin/PinAssigner.jar:/OPT/altera/12.1/quartus//sopc_builder/bin/sopc_wizard.jar:/OPT/altera/12.1/quartus//sopc_builder/bin/jptf.jar" sopc_builder.sopc_builder  -d"/OPT/altera/12.1/quartus//sopc_builder" -notalkback=1 -projectnameyysystem.qpf -projectpath/tmp/alt7251_7941373024701473591.dir/0002_sopclgen  --generate /tmp/alt7251_7941373024701473591.dir/0002_sopclgen/yysystem.v --quartus_dir="/OPT/altera/12.1/quartus/" --sopc_perl="/OPT/altera/12.1/quartus//linux/perl" --sopc_lib_path="++/OPT/altera/12.1/quartus//../ip/altera/sopc_builder_ip+/OPT/altera/12.1/quartus//../ip/altera/nios2_ip"
(java:8061): Gtk-WARNING **: Unable to locate theme engine in module_path: "adwaita",
(java:8061): Gtk-WARNING **: Unable to locate theme engine in module_path: "adwaita",
Gtk-Message: Failed to load module "pk-gtk-module"
Gtk-Message: Failed to load module "canberra-gtk-module"
.
# 2017.03.26 15:02:19 (*) Success: sopc_builder finished.
Info: onchip_memory2_0: "niosII_system" instantiated altera_avalon_onchip_memory2 "onchip_memory2_0"
Info: sysid_qsys_0: "niosII_system" instantiated altera_avalon_sysid_qsys "sysid_qsys_0"
Info: Starting classic module elaboration.
"/OPT/altera/12.1/quartus/linux/jre/bin/java" -Xmx512M -classpath "/OPT/altera/12.1/quartus/sopc_builder/bin/sopc_builder.jar:/OPT/altera/12.1/quartus/sopc_builder/bin/PinAssigner.jar:/OPT/altera/12.1/quartus/sopc_builder/bin/sopc_wizard.jar:/OPT/altera/12.1/quartus/sopc_builder/bin/jptf.jar" sopc_builder.sopc_builder  -d"/OPT/altera/12.1/quartus/sopc_builder" -notalkback=1 -projectnameyysystem.qpf -projectpath/tmp/alt7251_7941373024701473591.dir/0004_sopclgen  --no_splash --refresh /tmp/alt7251_7941373024701473591.dir/0004_sopclgen/yysystem.v --quartus_dir="/OPT/altera/12.1/quartus" --sopc_perl="/OPT/altera/12.1/quartus/linux/perl" --sopc_lib_path="++/OPT/altera/12.1/quartus/../ip/altera/sopc_builder_ip+/OPT/altera/12.1/quartus/../ip/altera/nios2_ip"
(java:8107): Gtk-WARNING **: Unable to locate theme engine in module_path: "adwaita",
(java:8107): Gtk-WARNING **: Unable to locate theme engine in module_path: "adwaita",
Gtk-Message: Failed to load module "pk-gtk-module"
Gtk-Message: Failed to load module "canberra-gtk-module"
Info: Finished elaborating classic module.
Executing: /OPT/altera/12.1/quartus//sopc_builder/bin/sopc_builder --classic --generate /tmp/alt7251_7941373024701473591.dir/0004_sopclgen/yysystem.ptf
Info: Running sopc_builder...
"/OPT/altera/12.1/quartus//linux/jre/bin/java" -Xmx512M -classpath "/OPT/altera/12.1/quartus//sopc_builder/bin/sopc_builder.jar:/OPT/altera/12.1/quartus//sopc_builder/bin/PinAssigner.jar:/OPT/altera/12.1/quartus//sopc_builder/bin/sopc_wizard.jar:/OPT/altera/12.1/quartus//sopc_builder/bin/jptf.jar" sopc_builder.sopc_builder  -d"/OPT/altera/12.1/quartus//sopc_builder" -notalkback=1 -projectnameyysystem.qpf -projectpath/tmp/alt7251_7941373024701473591.dir/0004_sopclgen  --generate /tmp/alt7251_7941373024701473591.dir/0004_sopclgen/yysystem.v --quartus_dir="/OPT/altera/12.1/quartus/" --sopc_perl="/OPT/altera/12.1/quartus//linux/perl" --sopc_lib_path="++/OPT/altera/12.1/quartus//../ip/altera/sopc_builder_ip+/OPT/altera/12.1/quartus//../ip/altera/nios2_ip"
(java:8152): Gtk-WARNING **: Unable to locate theme engine in module_path: "adwaita",
(java:8152): Gtk-WARNING **: Unable to locate theme engine in module_path: "adwaita",
Gtk-Message: Failed to load module "pk-gtk-module"
Gtk-Message: Failed to load module "canberra-gtk-module"
.
# 2017.03.26 15:02:22 (*) Success: sopc_builder finished.
Info: timer_0: "niosII_system" instantiated altera_avalon_timer "timer_0"
Info: Starting classic module elaboration.
"/OPT/altera/12.1/quartus/linux/jre/bin/java" -Xmx512M -classpath "/OPT/altera/12.1/quartus/sopc_builder/bin/sopc_builder.jar:/OPT/altera/12.1/quartus/sopc_builder/bin/PinAssigner.jar:/OPT/altera/12.1/quartus/sopc_builder/bin/sopc_wizard.jar:/OPT/altera/12.1/quartus/sopc_builder/bin/jptf.jar" sopc_builder.sopc_builder  -d"/OPT/altera/12.1/quartus/sopc_builder" -notalkback=1 -projectnameyysystem.qpf -projectpath/tmp/alt7251_7941373024701473591.dir/0005_sopclgen  --no_splash --refresh /tmp/alt7251_7941373024701473591.dir/0005_sopclgen/yysystem.v --quartus_dir="/OPT/altera/12.1/quartus" --sopc_perl="/OPT/altera/12.1/quartus/linux/perl" --sopc_lib_path="++/OPT/altera/12.1/quartus/../ip/altera/sopc_builder_ip+/OPT/altera/12.1/quartus/../ip/altera/nios2_ip"
(java:8199): Gtk-WARNING **: Unable to locate theme engine in module_path: "adwaita",
(java:8199): Gtk-WARNING **: Unable to locate theme engine in module_path: "adwaita",
Gtk-Message: Failed to load module "pk-gtk-module"
Gtk-Message: Failed to load module "canberra-gtk-module"
Info: Finished elaborating classic module.
Executing: /OPT/altera/12.1/quartus//sopc_builder/bin/sopc_builder --classic --generate /tmp/alt7251_7941373024701473591.dir/0005_sopclgen/yysystem.ptf
Info: Running sopc_builder...
"/OPT/altera/12.1/quartus//linux/jre/bin/java" -Xmx512M -classpath "/OPT/altera/12.1/quartus//sopc_builder/bin/sopc_builder.jar:/OPT/altera/12.1/quartus//sopc_builder/bin/PinAssigner.jar:/OPT/altera/12.1/quartus//sopc_builder/bin/sopc_wizard.jar:/OPT/altera/12.1/quartus//sopc_builder/bin/jptf.jar" sopc_builder.sopc_builder  -d"/OPT/altera/12.1/quartus//sopc_builder" -notalkback=1 -projectnameyysystem.qpf -projectpath/tmp/alt7251_7941373024701473591.dir/0005_sopclgen  --generate /tmp/alt7251_7941373024701473591.dir/0005_sopclgen/yysystem.v --quartus_dir="/OPT/altera/12.1/quartus/" --sopc_perl="/OPT/altera/12.1/quartus//linux/perl" --sopc_lib_path="++/OPT/altera/12.1/quartus//../ip/altera/sopc_builder_ip+/OPT/altera/12.1/quartus//../ip/altera/nios2_ip"
(java:8243): Gtk-WARNING **: Unable to locate theme engine in module_path: "adwaita",
(java:8243): Gtk-WARNING **: Unable to locate theme engine in module_path: "adwaita",
Gtk-Message: Failed to load module "pk-gtk-module"
Gtk-Message: Failed to load module "canberra-gtk-module"
.
# 2017.03.26 15:02:26 (*) Success: sopc_builder finished.
Info: jtag_uart_0: "niosII_system" instantiated altera_avalon_jtag_uart "jtag_uart_0"
Info: character_lcd_0: Starting Generation of Character LCD
Info: character_lcd_0: "niosII_system" instantiated altera_up_avalon_character_lcd "character_lcd_0"
Info: altpll_0: "niosII_system" instantiated altpll "altpll_0"
Info: Starting classic module elaboration.
"/OPT/altera/12.1/quartus/linux/jre/bin/java" -Xmx512M -classpath "/OPT/altera/12.1/quartus/sopc_builder/bin/sopc_builder.jar:/OPT/altera/12.1/quartus/sopc_builder/bin/PinAssigner.jar:/OPT/altera/12.1/quartus/sopc_builder/bin/sopc_wizard.jar:/OPT/altera/12.1/quartus/sopc_builder/bin/jptf.jar" sopc_builder.sopc_builder  -d"/OPT/altera/12.1/quartus/sopc_builder" -notalkback=1 -projectnameyysystem.qpf -projectpath/tmp/alt7251_7941373024701473591.dir/0009_sopclgen  --no_splash --refresh /tmp/alt7251_7941373024701473591.dir/0009_sopclgen/yysystem.v --quartus_dir="/OPT/altera/12.1/quartus" --sopc_perl="/OPT/altera/12.1/quartus/linux/perl" --sopc_lib_path="++/OPT/altera/12.1/quartus/../ip/altera/sopc_builder_ip+/OPT/altera/12.1/quartus/../ip/altera/nios2_ip"
(java:8337): Gtk-WARNING **: Unable to locate theme engine in module_path: "adwaita",
(java:8337): Gtk-WARNING **: Unable to locate theme engine in module_path: "adwaita",
Gtk-Message: Failed to load module "pk-gtk-module"
Gtk-Message: Failed to load module "canberra-gtk-module"
Info: Finished elaborating classic module.
Executing: /OPT/altera/12.1/quartus//sopc_builder/bin/sopc_builder --classic --generate /tmp/alt7251_7941373024701473591.dir/0009_sopclgen/yysystem.ptf
Info: Running sopc_builder...
"/OPT/altera/12.1/quartus//linux/jre/bin/java" -Xmx512M -classpath "/OPT/altera/12.1/quartus//sopc_builder/bin/sopc_builder.jar:/OPT/altera/12.1/quartus//sopc_builder/bin/PinAssigner.jar:/OPT/altera/12.1/quartus//sopc_builder/bin/sopc_wizard.jar:/OPT/altera/12.1/quartus//sopc_builder/bin/jptf.jar" sopc_builder.sopc_builder  -d"/OPT/altera/12.1/quartus//sopc_builder" -notalkback=1 -projectnameyysystem.qpf -projectpath/tmp/alt7251_7941373024701473591.dir/0009_sopclgen  --generate /tmp/alt7251_7941373024701473591.dir/0009_sopclgen/yysystem.v --quartus_dir="/OPT/altera/12.1/quartus/" --sopc_perl="/OPT/altera/12.1/quartus//linux/perl" --sopc_lib_path="++/OPT/altera/12.1/quartus//../ip/altera/sopc_builder_ip+/OPT/altera/12.1/quartus//../ip/altera/nios2_ip"
(java:8371): Gtk-WARNING **: Unable to locate theme engine in module_path: "adwaita",
(java:8371): Gtk-WARNING **: Unable to locate theme engine in module_path: "adwaita",
Gtk-Message: Failed to load module "pk-gtk-module"
Gtk-Message: Failed to load module "canberra-gtk-module"
.
.
# 2017.03.26 15:02:34 (*) Running Test Generator Program for niosII_system_sdram_0
# 2017.03.26 15:02:35 (*) Success: sopc_builder finished.
Info: sdram_0: "niosII_system" instantiated altera_avalon_new_sdram_controller "sdram_0"
Info: sram_0: Starting Generation of SRAM or SSRAM Controller
Info: sram_0: "niosII_system" instantiated altera_up_avalon_sram "sram_0"
Info: pipeline_bridge_swap_transform: After transform: 5 modules, 10 connections
Info: No custom instruction connections, skipping transform 
Info: generic_tristate_controller_0: "niosII_system" instantiated altera_generic_tristate_controller "generic_tristate_controller_0"
Info: tristate_conduit_bridge_0: "niosII_system" instantiated altera_tristate_conduit_bridge "tristate_conduit_bridge_0"
Info: pipeline_bridge_swap_transform: After transform: 4 modules, 7 connections
Info: No custom instruction connections, skipping transform 
Info: No Avalon connections, skipping transform 
Info: No Avalon connections, skipping transform 
Info: tristate_conduit_pin_sharer_0: "niosII_system" instantiated altera_tristate_conduit_pin_sharer "tristate_conduit_pin_sharer_0"
Info: Starting classic module elaboration.
"/OPT/altera/12.1/quartus/linux/jre/bin/java" -Xmx512M -classpath "/OPT/altera/12.1/quartus/sopc_builder/bin/sopc_builder.jar:/OPT/altera/12.1/quartus/sopc_builder/bin/PinAssigner.jar:/OPT/altera/12.1/quartus/sopc_builder/bin/sopc_wizard.jar:/OPT/altera/12.1/quartus/sopc_builder/bin/jptf.jar" sopc_builder.sopc_builder  -d"/OPT/altera/12.1/quartus/sopc_builder" -notalkback=1 -projectnameyysystem.qpf -projectpath/tmp/alt7251_7941373024701473591.dir/0012_sopclgen  --no_splash --refresh /tmp/alt7251_7941373024701473591.dir/0012_sopclgen/yysystem.v --quartus_dir="/OPT/altera/12.1/quartus" --sopc_perl="/OPT/altera/12.1/quartus/linux/perl" --sopc_lib_path="++/OPT/altera/12.1/quartus/../ip/altera/sopc_builder_ip+/OPT/altera/12.1/quartus/../ip/altera/nios2_ip"
(java:8427): Gtk-WARNING **: Unable to locate theme engine in module_path: "adwaita",
(java:8427): Gtk-WARNING **: Unable to locate theme engine in module_path: "adwaita",
Gtk-Message: Failed to load module "pk-gtk-module"
Gtk-Message: Failed to load module "canberra-gtk-module"
Info: Finished elaborating classic module.
Executing: /OPT/altera/12.1/quartus//sopc_builder/bin/sopc_builder --classic --generate /tmp/alt7251_7941373024701473591.dir/0012_sopclgen/yysystem.ptf
Info: Running sopc_builder...
"/OPT/altera/12.1/quartus//linux/jre/bin/java" -Xmx512M -classpath "/OPT/altera/12.1/quartus//sopc_builder/bin/sopc_builder.jar:/OPT/altera/12.1/quartus//sopc_builder/bin/PinAssigner.jar:/OPT/altera/12.1/quartus//sopc_builder/bin/sopc_wizard.jar:/OPT/altera/12.1/quartus//sopc_builder/bin/jptf.jar" sopc_builder.sopc_builder  -d"/OPT/altera/12.1/quartus//sopc_builder" -notalkback=1 -projectnameyysystem.qpf -projectpath/tmp/alt7251_7941373024701473591.dir/0012_sopclgen  --generate /tmp/alt7251_7941373024701473591.dir/0012_sopclgen/yysystem.v --quartus_dir="/OPT/altera/12.1/quartus/" --sopc_perl="/OPT/altera/12.1/quartus//linux/perl" --sopc_lib_path="++/OPT/altera/12.1/quartus//../ip/altera/sopc_builder_ip+/OPT/altera/12.1/quartus//../ip/altera/nios2_ip"
(java:8470): Gtk-WARNING **: Unable to locate theme engine in module_path: "adwaita",
(java:8470): Gtk-WARNING **: Unable to locate theme engine in module_path: "adwaita",
Gtk-Message: Failed to load module "pk-gtk-module"
Gtk-Message: Failed to load module "canberra-gtk-module"
.
# 2017.03.26 15:02:39 (*) Success: sopc_builder finished.
Info: I2C_SCL: "niosII_system" instantiated altera_avalon_pio "I2C_SCL"
Info: Starting classic module elaboration.
"/OPT/altera/12.1/quartus/linux/jre/bin/java" -Xmx512M -classpath "/OPT/altera/12.1/quartus/sopc_builder/bin/sopc_builder.jar:/OPT/altera/12.1/quartus/sopc_builder/bin/PinAssigner.jar:/OPT/altera/12.1/quartus/sopc_builder/bin/sopc_wizard.jar:/OPT/altera/12.1/quartus/sopc_builder/bin/jptf.jar" sopc_builder.sopc_builder  -d"/OPT/altera/12.1/quartus/sopc_builder" -notalkback=1 -projectnameyysystem.qpf -projectpath/tmp/alt7251_7941373024701473591.dir/0013_sopclgen  --no_splash --refresh /tmp/alt7251_7941373024701473591.dir/0013_sopclgen/yysystem.v --quartus_dir="/OPT/altera/12.1/quartus" --sopc_perl="/OPT/altera/12.1/quartus/linux/perl" --sopc_lib_path="++/OPT/altera/12.1/quartus/../ip/altera/sopc_builder_ip+/OPT/altera/12.1/quartus/../ip/altera/nios2_ip"
(java:8516): Gtk-WARNING **: Unable to locate theme engine in module_path: "adwaita",
(java:8516): Gtk-WARNING **: Unable to locate theme engine in module_path: "adwaita",
Gtk-Message: Failed to load module "pk-gtk-module"
Gtk-Message: Failed to load module "canberra-gtk-module"
Info: Finished elaborating classic module.
Executing: /OPT/altera/12.1/quartus//sopc_builder/bin/sopc_builder --classic --generate /tmp/alt7251_7941373024701473591.dir/0013_sopclgen/yysystem.ptf
Info: Running sopc_builder...
"/OPT/altera/12.1/quartus//linux/jre/bin/java" -Xmx512M -classpath "/OPT/altera/12.1/quartus//sopc_builder/bin/sopc_builder.jar:/OPT/altera/12.1/quartus//sopc_builder/bin/PinAssigner.jar:/OPT/altera/12.1/quartus//sopc_builder/bin/sopc_wizard.jar:/OPT/altera/12.1/quartus//sopc_builder/bin/jptf.jar" sopc_builder.sopc_builder  -d"/OPT/altera/12.1/quartus//sopc_builder" -notalkback=1 -projectnameyysystem.qpf -projectpath/tmp/alt7251_7941373024701473591.dir/0013_sopclgen  --generate /tmp/alt7251_7941373024701473591.dir/0013_sopclgen/yysystem.v --quartus_dir="/OPT/altera/12.1/quartus/" --sopc_perl="/OPT/altera/12.1/quartus//linux/perl" --sopc_lib_path="++/OPT/altera/12.1/quartus//../ip/altera/sopc_builder_ip+/OPT/altera/12.1/quartus//../ip/altera/nios2_ip"
(java:8550): Gtk-WARNING **: Unable to locate theme engine in module_path: "adwaita",
(java:8550): Gtk-WARNING **: Unable to locate theme engine in module_path: "adwaita",
Gtk-Message: Failed to load module "pk-gtk-module"
Gtk-Message: Failed to load module "canberra-gtk-module"
.
# 2017.03.26 15:02:42 (*) Success: sopc_builder finished.
Info: I2C_SDA: "niosII_system" instantiated altera_avalon_pio "I2C_SDA"
Info: Starting classic module elaboration.
"/OPT/altera/12.1/quartus/linux/jre/bin/java" -Xmx512M -classpath "/OPT/altera/12.1/quartus/sopc_builder/bin/sopc_builder.jar:/OPT/altera/12.1/quartus/sopc_builder/bin/PinAssigner.jar:/OPT/altera/12.1/quartus/sopc_builder/bin/sopc_wizard.jar:/OPT/altera/12.1/quartus/sopc_builder/bin/jptf.jar" sopc_builder.sopc_builder  -d"/OPT/altera/12.1/quartus/sopc_builder" -notalkback=1 -projectnameyysystem.qpf -projectpath/tmp/alt7251_7941373024701473591.dir/0014_sopclgen  --no_splash --refresh /tmp/alt7251_7941373024701473591.dir/0014_sopclgen/yysystem.v --quartus_dir="/OPT/altera/12.1/quartus" --sopc_perl="/OPT/altera/12.1/quartus/linux/perl" --sopc_lib_path="++/OPT/altera/12.1/quartus/../ip/altera/sopc_builder_ip+/OPT/altera/12.1/quartus/../ip/altera/nios2_ip"
(java:8605): Gtk-WARNING **: Unable to locate theme engine in module_path: "adwaita",
(java:8605): Gtk-WARNING **: Unable to locate theme engine in module_path: "adwaita",
Gtk-Message: Failed to load module "pk-gtk-module"
Gtk-Message: Failed to load module "canberra-gtk-module"
Info: Finished elaborating classic module.
Executing: /OPT/altera/12.1/quartus//sopc_builder/bin/sopc_builder --classic --generate /tmp/alt7251_7941373024701473591.dir/0014_sopclgen/yysystem.ptf
Info: Running sopc_builder...
"/OPT/altera/12.1/quartus//linux/jre/bin/java" -Xmx512M -classpath "/OPT/altera/12.1/quartus//sopc_builder/bin/sopc_builder.jar:/OPT/altera/12.1/quartus//sopc_builder/bin/PinAssigner.jar:/OPT/altera/12.1/quartus//sopc_builder/bin/sopc_wizard.jar:/OPT/altera/12.1/quartus//sopc_builder/bin/jptf.jar" sopc_builder.sopc_builder  -d"/OPT/altera/12.1/quartus//sopc_builder" -notalkback=1 -projectnameyysystem.qpf -projectpath/tmp/alt7251_7941373024701473591.dir/0014_sopclgen  --generate /tmp/alt7251_7941373024701473591.dir/0014_sopclgen/yysystem.v --quartus_dir="/OPT/altera/12.1/quartus/" --sopc_perl="/OPT/altera/12.1/quartus//linux/perl" --sopc_lib_path="++/OPT/altera/12.1/quartus//../ip/altera/sopc_builder_ip+/OPT/altera/12.1/quartus//../ip/altera/nios2_ip"
(java:8639): Gtk-WARNING **: Unable to locate theme engine in module_path: "adwaita",
(java:8639): Gtk-WARNING **: Unable to locate theme engine in module_path: "adwaita",
Gtk-Message: Failed to load module "pk-gtk-module"
Gtk-Message: Failed to load module "canberra-gtk-module"
.
# 2017.03.26 15:02:46 (*) Success: sopc_builder finished.
Info: drum_out: "niosII_system" instantiated altera_avalon_pio "drum_out"
Info: nios2_qsys_0_instruction_master_translator: "niosII_system" instantiated altera_merlin_master_translator "nios2_qsys_0_instruction_master_translator"
Info: nios2_qsys_0_jtag_debug_module_translator: "niosII_system" instantiated altera_merlin_slave_translator "nios2_qsys_0_jtag_debug_module_translator"
Info: nios2_qsys_0_instruction_master_translator_avalon_universal_master_0_agent: "niosII_system" instantiated altera_merlin_master_agent "nios2_qsys_0_instruction_master_translator_avalon_universal_master_0_agent"
Info: nios2_qsys_0_jtag_debug_module_translator_avalon_universal_slave_0_agent: "niosII_system" instantiated altera_merlin_slave_agent "nios2_qsys_0_jtag_debug_module_translator_avalon_universal_slave_0_agent"
Info: nios2_qsys_0_jtag_debug_module_translator_avalon_universal_slave_0_agent_rsp_fifo: "niosII_system" instantiated altera_avalon_sc_fifo "nios2_qsys_0_jtag_debug_module_translator_avalon_universal_slave_0_agent_rsp_fifo"
Info: addr_router: "niosII_system" instantiated altera_merlin_router "addr_router"
Info: addr_router_001: "niosII_system" instantiated altera_merlin_router "addr_router_001"
Info: id_router: "niosII_system" instantiated altera_merlin_router "id_router"
Info: id_router_002: "niosII_system" instantiated altera_merlin_router "id_router_002"
Info: id_router_004: "niosII_system" instantiated altera_merlin_router "id_router_004"
Info: id_router_005: "niosII_system" instantiated altera_merlin_router "id_router_005"
Info: id_router_009: "niosII_system" instantiated altera_merlin_router "id_router_009"
Info: limiter: "niosII_system" instantiated altera_merlin_traffic_limiter "limiter"
Info: burst_adapter: "niosII_system" instantiated altera_merlin_burst_adapter "burst_adapter"
Info: rst_controller: "niosII_system" instantiated altera_reset_controller "rst_controller"
Info: cmd_xbar_demux: "niosII_system" instantiated altera_merlin_demultiplexer "cmd_xbar_demux"
Info: cmd_xbar_demux_001: "niosII_system" instantiated altera_merlin_demultiplexer "cmd_xbar_demux_001"
Info: cmd_xbar_mux: "niosII_system" instantiated altera_merlin_multiplexer "cmd_xbar_mux"
Info: rsp_xbar_demux: "niosII_system" instantiated altera_merlin_demultiplexer "rsp_xbar_demux"
Info: rsp_xbar_demux_005: "niosII_system" instantiated altera_merlin_demultiplexer "rsp_xbar_demux_005"
Info: rsp_xbar_mux: "niosII_system" instantiated altera_merlin_multiplexer "rsp_xbar_mux"
Info: Reusing file /afs/ualberta.ca/home/l/i/liangmah/ECE492/capstone/DrumAnywhere_1_0/niosII_system/synthesis/submodules/altera_merlin_arbitrator.sv
Info: rsp_xbar_mux_001: "niosII_system" instantiated altera_merlin_multiplexer "rsp_xbar_mux_001"
Info: Reusing file /afs/ualberta.ca/home/l/i/liangmah/ECE492/capstone/DrumAnywhere_1_0/niosII_system/synthesis/submodules/altera_merlin_arbitrator.sv
Info: width_adapter: "niosII_system" instantiated altera_merlin_width_adapter "width_adapter"
Info: Reusing file /afs/ualberta.ca/home/l/i/liangmah/ECE492/capstone/DrumAnywhere_1_0/niosII_system/synthesis/submodules/altera_merlin_burst_uncompressor.sv
Info: Reusing file /afs/ualberta.ca/home/l/i/liangmah/ECE492/capstone/DrumAnywhere_1_0/niosII_system/synthesis/submodules/altera_merlin_address_alignment.sv
Info: crosser: "niosII_system" instantiated altera_avalon_st_handshake_clock_crosser "crosser"
Info: Reusing file /afs/ualberta.ca/home/l/i/liangmah/ECE492/capstone/DrumAnywhere_1_0/niosII_system/synthesis/submodules/altera_avalon_st_pipeline_base.v
Info: irq_mapper: "niosII_system" instantiated altera_irq_mapper "irq_mapper"
Info: tdt: "generic_tristate_controller_0" instantiated altera_tristate_controller_translator "tdt"
Info: tda: "generic_tristate_controller_0" instantiated altera_tristate_controller_aggregator "tda"
Info: pin_sharer: "tristate_conduit_pin_sharer_0" instantiated altera_tristate_conduit_pin_sharer_core "pin_sharer"
Info: arbiter: "tristate_conduit_pin_sharer_0" instantiated altera_merlin_std_arbitrator "arbiter"
Info: niosII_system: Done niosII_system" with 45 modules, 201 files, 4081752 bytes
Info: ip-generate succeeded.
Info: Finished: Create HDL design files for synthesis
